#-----------------------------------------------------------
# Vivado v2021.1 (64-bit)
# SW Build 3247384 on Thu Jun 10 19:36:33 MDT 2021
# IP Build 3246043 on Fri Jun 11 00:30:35 MDT 2021
# Start of session at: Sun Oct  1 13:55:19 2023
# Process ID: 4056
# Current directory: D:/OneDrive - zju.edu.cn/fpga/learn/led_run4
# Command line: vivado.exe -gui_launcher_event rodinguilauncherevent23620 D:\OneDrive - zju.edu.cn\fpga\learn\led_run4\led_run4.xpr
# Log file: D:/OneDrive - zju.edu.cn/fpga/learn/led_run4/vivado.log
# Journal file: D:/OneDrive - zju.edu.cn/fpga/learn/led_run4\vivado.jou
#-----------------------------------------------------------
start_gui
open_project {D:/OneDrive - zju.edu.cn/fpga/learn/led_run4/led_run4.xpr}
WARNING: [filemgmt 56-3] Default IP Output Path : Could not find the directory 'D:/OneDrive - zju.edu.cn/fpga/learn/led_run4/led_run4.gen/sources_1'.
Scanning sources...
Finished scanning sources
INFO: [IP_Flow 19-234] Refreshing IP repositories
INFO: [IP_Flow 19-1704] No user IP repositories specified
INFO: [IP_Flow 19-2313] Loaded Vivado IP repository 'C:/Xilinx2021/Vivado/2021.1/data/ip'.
open_project: Time (s): cpu = 00:00:22 ; elapsed = 00:00:11 . Memory (MB): peak = 1136.203 ; gain = 0.000
update_compile_order -fileset sources_1
open_hw_manager
connect_hw_server -allow_non_jtag
INFO: [Labtools 27-2285] Connecting to hw_server url TCP:localhost:3121
INFO: [Labtools 27-2222] Launching hw_server...
INFO: [Labtools 27-2221] Launch Output:

****** Xilinx hw_server v2021.1
  **** Build date : Jun 10 2021 at 20:17:23
    ** Copyright 1986-2021 Xilinx, Inc. All Rights Reserved.


INFO: [Labtools 27-3415] Connecting to cs_server url TCP:localhost:3042
INFO: [Labtools 27-3417] Launching cs_server...
INFO: [Labtools 27-2221] Launch Output:


******** Xilinx cs_server v2021.1
  ****** Build date   : May 27 2021-01:32:33
    **** Build number : 2021.1.1622050353
      ** Copyright 2017-2023 Xilinx, Inc. All Rights Reserved.



connect_hw_server: Time (s): cpu = 00:00:01 ; elapsed = 00:00:13 . Memory (MB): peak = 1136.203 ; gain = 0.000
open_hw_target
INFO: [Labtoolstcl 44-466] Opening hw_target localhost:3121/xilinx_tcf/Digilent/26CB7BF98871
open_hw_target: Time (s): cpu = 00:00:06 ; elapsed = 00:00:06 . Memory (MB): peak = 2710.676 ; gain = 1574.473
set_property PROGRAM.FILE {D:/OneDrive - zju.edu.cn/fpga/learn/led_run4/led_run4.runs/impl_1/run_led4_test.bit} [get_hw_devices xc7a100t_0]
current_hw_device [get_hw_devices xc7a100t_0]
refresh_hw_device -update_hw_probes false [lindex [get_hw_devices xc7a100t_0] 0]
INFO: [Labtools 27-1434] Device xc7a100t (JTAG device index = 0) is programmed with a design that has no supported debug core(s) in it.
create_hw_cfgmem -hw_device [get_hw_devices xc7a100t_0] -mem_dev [lindex [get_cfgmem_parts {28f00am29ew-bpi-x16}] 0]
set_property PROGRAM.ADDRESS_RANGE  {use_file} [ get_property PROGRAM.HW_CFGMEM [lindex [get_hw_devices xc7a100t_0] 0]]
set_property PROGRAM.FILES [list "D:/OneDrive - zju.edu.cn/fpga/learn/led_run4/led_run4.runs/impl_1/run_led4_test.bin" ] [ get_property PROGRAM.HW_CFGMEM [lindex [get_hw_devices xc7a100t_0] 0]]
set_property PROGRAM.PRM_FILE {} [ get_property PROGRAM.HW_CFGMEM [lindex [get_hw_devices xc7a100t_0] 0]]
set_property PROGRAM.BPI_RS_PINS {none} [ get_property PROGRAM.HW_CFGMEM [lindex [get_hw_devices xc7a100t_0] 0]]
set_property PROGRAM.UNUSED_PIN_TERMINATION {pull-none} [ get_property PROGRAM.HW_CFGMEM [lindex [get_hw_devices xc7a100t_0] 0]]
set_property PROGRAM.BLANK_CHECK  0 [ get_property PROGRAM.HW_CFGMEM [lindex [get_hw_devices xc7a100t_0] 0]]
set_property PROGRAM.ERASE  1 [ get_property PROGRAM.HW_CFGMEM [lindex [get_hw_devices xc7a100t_0] 0]]
set_property PROGRAM.CFG_PROGRAM  0 [ get_property PROGRAM.HW_CFGMEM [lindex [get_hw_devices xc7a100t_0] 0]]
set_property PROGRAM.VERIFY  0 [ get_property PROGRAM.HW_CFGMEM [lindex [get_hw_devices xc7a100t_0] 0]]
set_property PROGRAM.CHECKSUM  0 [ get_property PROGRAM.HW_CFGMEM [lindex [get_hw_devices xc7a100t_0] 0]]
startgroup 
create_hw_bitstream -hw_device [lindex [get_hw_devices xc7a100t_0] 0] [get_property PROGRAM.HW_CFGMEM_BITFILE [ lindex [get_hw_devices xc7a100t_0] 0]]; program_hw_devices [lindex [get_hw_devices xc7a100t_0] 0]; refresh_hw_device [lindex [get_hw_devices xc7a100t_0] 0];
INFO: [Labtools 27-3164] End of startup status: HIGH
INFO: [Labtools 27-2302] Device xc7a100t (JTAG device index = 0) is programmed with a design that has 1 BPI core(s).
program_hw_cfgmem -hw_cfgmem [ get_property PROGRAM.HW_CFGMEM [lindex [get_hw_devices xc7a100t_0] 0]]
Mfg ID : 0   Memory Type : 0   Memory Capacity : 0   Device ID 1 : 0   Device ID 2 : 0
Performing Erase Operation...
Erase Operation successful.
INFO: [Labtoolstcl 44-377] Flash programming completed successfully
endgroup
set_property PROGRAM.ADDRESS_RANGE  {use_file} [ get_property PROGRAM.HW_CFGMEM [lindex [get_hw_devices xc7a100t_0] 0]]
set_property PROGRAM.FILES [list "D:/OneDrive - zju.edu.cn/fpga/learn/led_run4/led_run4.runs/impl_1/run_led4_test.bin" ] [ get_property PROGRAM.HW_CFGMEM [lindex [get_hw_devices xc7a100t_0] 0]]
set_property PROGRAM.PRM_FILE {} [ get_property PROGRAM.HW_CFGMEM [lindex [get_hw_devices xc7a100t_0] 0]]
set_property PROGRAM.BPI_RS_PINS {none} [ get_property PROGRAM.HW_CFGMEM [lindex [get_hw_devices xc7a100t_0] 0]]
set_property PROGRAM.UNUSED_PIN_TERMINATION {pull-none} [ get_property PROGRAM.HW_CFGMEM [lindex [get_hw_devices xc7a100t_0] 0]]
set_property PROGRAM.BLANK_CHECK  0 [ get_property PROGRAM.HW_CFGMEM [lindex [get_hw_devices xc7a100t_0] 0]]
set_property PROGRAM.ERASE  1 [ get_property PROGRAM.HW_CFGMEM [lindex [get_hw_devices xc7a100t_0] 0]]
set_property PROGRAM.CFG_PROGRAM  1 [ get_property PROGRAM.HW_CFGMEM [lindex [get_hw_devices xc7a100t_0] 0]]
set_property PROGRAM.VERIFY  1 [ get_property PROGRAM.HW_CFGMEM [lindex [get_hw_devices xc7a100t_0] 0]]
set_property PROGRAM.CHECKSUM  0 [ get_property PROGRAM.HW_CFGMEM [lindex [get_hw_devices xc7a100t_0] 0]]
startgroup 
create_hw_bitstream -hw_device [lindex [get_hw_devices xc7a100t_0] 0] [get_property PROGRAM.HW_CFGMEM_BITFILE [ lindex [get_hw_devices xc7a100t_0] 0]]; program_hw_devices [lindex [get_hw_devices xc7a100t_0] 0]; refresh_hw_device [lindex [get_hw_devices xc7a100t_0] 0];
INFO: [Labtools 27-3164] End of startup status: HIGH
INFO: [Labtools 27-2302] Device xc7a100t (JTAG device index = 0) is programmed with a design that has 1 BPI core(s).
program_hw_cfgmem -hw_cfgmem [ get_property PROGRAM.HW_CFGMEM [lindex [get_hw_devices xc7a100t_0] 0]]
Mfg ID : 0   Memory Type : 0   Memory Capacity : 0   Device ID 1 : 0   Device ID 2 : 0
Performing Erase Operation...
Erase Operation successful.
Performing Program and Verify Operations...
Program/Verify Operation failed.
Unspecified failure
ERROR: [Labtools 27-3347] Flash Programming Unsuccessful: Unspecified failure
ERROR: [Common 17-39] 'program_hw_cfgmem' failed due to earlier errors.
set_property PROGRAM.ADDRESS_RANGE  {entire_device} [ get_property PROGRAM.HW_CFGMEM [lindex [get_hw_devices xc7a100t_0] 0]]
set_property PROGRAM.FILES [list "D:/OneDrive - zju.edu.cn/fpga/learn/led_run4/led_run4.runs/impl_1/run_led4_test.bin" ] [ get_property PROGRAM.HW_CFGMEM [lindex [get_hw_devices xc7a100t_0] 0]]
set_property PROGRAM.PRM_FILE {} [ get_property PROGRAM.HW_CFGMEM [lindex [get_hw_devices xc7a100t_0] 0]]
set_property PROGRAM.BPI_RS_PINS {none} [ get_property PROGRAM.HW_CFGMEM [lindex [get_hw_devices xc7a100t_0] 0]]
set_property PROGRAM.UNUSED_PIN_TERMINATION {pull-none} [ get_property PROGRAM.HW_CFGMEM [lindex [get_hw_devices xc7a100t_0] 0]]
set_property PROGRAM.BLANK_CHECK  1 [ get_property PROGRAM.HW_CFGMEM [lindex [get_hw_devices xc7a100t_0] 0]]
set_property PROGRAM.ERASE  1 [ get_property PROGRAM.HW_CFGMEM [lindex [get_hw_devices xc7a100t_0] 0]]
set_property PROGRAM.CFG_PROGRAM  1 [ get_property PROGRAM.HW_CFGMEM [lindex [get_hw_devices xc7a100t_0] 0]]
set_property PROGRAM.VERIFY  1 [ get_property PROGRAM.HW_CFGMEM [lindex [get_hw_devices xc7a100t_0] 0]]
set_property PROGRAM.CHECKSUM  0 [ get_property PROGRAM.HW_CFGMEM [lindex [get_hw_devices xc7a100t_0] 0]]
startgroup 
create_hw_bitstream -hw_device [lindex [get_hw_devices xc7a100t_0] 0] [get_property PROGRAM.HW_CFGMEM_BITFILE [ lindex [get_hw_devices xc7a100t_0] 0]]; program_hw_devices [lindex [get_hw_devices xc7a100t_0] 0]; refresh_hw_device [lindex [get_hw_devices xc7a100t_0] 0];
INFO: [Labtools 27-3164] End of startup status: HIGH
INFO: [Labtools 27-2302] Device xc7a100t (JTAG device index = 0) is programmed with a design that has 1 BPI core(s).
program_hw_cfgmem -hw_cfgmem [ get_property PROGRAM.HW_CFGMEM [lindex [get_hw_devices xc7a100t_0] 0]]
INFO: [Xicom 50-104] The verify operation will only be performed on the address range specified by the Memory Configuration File (MCS).
Mfg ID : 0   Memory Type : 0   Memory Capacity : 0   Device ID 1 : 0   Device ID 2 : 0
Performing Erase Operation...
Erase Operation successful.
Performing Blank Check Operation...
Blank Check Operation unsuccessful. The part is not blank.
ERROR: [Labtools 27-3161] Flash Programming Unsuccessful
ERROR: [Common 17-39] 'program_hw_cfgmem' failed due to earlier errors.
set_property PROBES.FILE {} [get_hw_devices xc7a100t_0]
set_property FULL_PROBES.FILE {} [get_hw_devices xc7a100t_0]
set_property PROGRAM.FILE {D:/OneDrive - zju.edu.cn/fpga/learn/led_run4/led_run4.runs/impl_1/run_led4_test.bit} [get_hw_devices xc7a100t_0]
program_hw_devices [get_hw_devices xc7a100t_0]
INFO: [Labtools 27-3164] End of startup status: HIGH
refresh_hw_device [lindex [get_hw_devices xc7a100t_0] 0]
INFO: [Labtools 27-1434] Device xc7a100t (JTAG device index = 0) is programmed with a design that has no supported debug core(s) in it.
set_property CFGMEM_PART {mt25ql128-spi-x1_x2_x4} [ get_property PROGRAM.HW_CFGMEM [lindex [get_hw_devices xc7a100t_0] 0]]
set_property PROGRAM.ADDRESS_RANGE  {entire_device} [ get_property PROGRAM.HW_CFGMEM [lindex [get_hw_devices xc7a100t_0] 0]]
set_property PROGRAM.FILES [list "D:/OneDrive - zju.edu.cn/fpga/learn/led_run4/led_run4.runs/impl_1/run_led4_test.bin" ] [ get_property PROGRAM.HW_CFGMEM [lindex [get_hw_devices xc7a100t_0] 0]]
set_property PROGRAM.UNUSED_PIN_TERMINATION {pull-none} [ get_property PROGRAM.HW_CFGMEM [lindex [get_hw_devices xc7a100t_0] 0]]
set_property PROGRAM.BLANK_CHECK  1 [ get_property PROGRAM.HW_CFGMEM [lindex [get_hw_devices xc7a100t_0] 0]]
set_property PROGRAM.ERASE  1 [ get_property PROGRAM.HW_CFGMEM [lindex [get_hw_devices xc7a100t_0] 0]]
set_property PROGRAM.CFG_PROGRAM  1 [ get_property PROGRAM.HW_CFGMEM [lindex [get_hw_devices xc7a100t_0] 0]]
set_property PROGRAM.VERIFY  1 [ get_property PROGRAM.HW_CFGMEM [lindex [get_hw_devices xc7a100t_0] 0]]
set_property PROGRAM.CHECKSUM  0 [ get_property PROGRAM.HW_CFGMEM [lindex [get_hw_devices xc7a100t_0] 0]]
set_property CFGMEM_PART {mt25ql128-spi-x1_x2_x4} [ get_property PROGRAM.HW_CFGMEM [lindex [get_hw_devices xc7a100t_0] 0]]
set_property PROGRAM.ADDRESS_RANGE  {entire_device} [ get_property PROGRAM.HW_CFGMEM [lindex [get_hw_devices xc7a100t_0] 0]]
set_property PROGRAM.FILES [list "D:/OneDrive - zju.edu.cn/fpga/learn/led_run4/led_run4.runs/impl_1/run_led4_test.bin" ] [ get_property PROGRAM.HW_CFGMEM [lindex [get_hw_devices xc7a100t_0] 0]]
set_property PROGRAM.PRM_FILE {} [ get_property PROGRAM.HW_CFGMEM [lindex [get_hw_devices xc7a100t_0] 0]]
set_property PROGRAM.UNUSED_PIN_TERMINATION {pull-none} [ get_property PROGRAM.HW_CFGMEM [lindex [get_hw_devices xc7a100t_0] 0]]
set_property PROGRAM.BLANK_CHECK  1 [ get_property PROGRAM.HW_CFGMEM [lindex [get_hw_devices xc7a100t_0] 0]]
set_property PROGRAM.ERASE  1 [ get_property PROGRAM.HW_CFGMEM [lindex [get_hw_devices xc7a100t_0] 0]]
set_property PROGRAM.CFG_PROGRAM  1 [ get_property PROGRAM.HW_CFGMEM [lindex [get_hw_devices xc7a100t_0] 0]]
set_property PROGRAM.VERIFY  1 [ get_property PROGRAM.HW_CFGMEM [lindex [get_hw_devices xc7a100t_0] 0]]
set_property PROGRAM.CHECKSUM  0 [ get_property PROGRAM.HW_CFGMEM [lindex [get_hw_devices xc7a100t_0] 0]]
startgroup 
create_hw_bitstream -hw_device [lindex [get_hw_devices xc7a100t_0] 0] [get_property PROGRAM.HW_CFGMEM_BITFILE [ lindex [get_hw_devices xc7a100t_0] 0]]; program_hw_devices [lindex [get_hw_devices xc7a100t_0] 0]; refresh_hw_device [lindex [get_hw_devices xc7a100t_0] 0];
INFO: [Labtools 27-3164] End of startup status: HIGH
INFO: [Labtools 27-2302] Device xc7a100t (JTAG device index = 0) is programmed with a design that has 1 SPI core(s).
program_hw_cfgmem -hw_cfgmem [ get_property PROGRAM.HW_CFGMEM [lindex [get_hw_devices xc7a100t_0] 0]]
INFO: [Xicom 50-104] The verify operation will only be performed on the address range specified by the Memory Configuration File (MCS).
Mfg ID : 20   Memory Type : ba   Memory Capacity : 18   Device ID 1 : 0   Device ID 2 : 0
Performing Erase Operation...
Erase Operation successful.
Performing Blank Check Operation...
Blank Check Operation successful. The part is blank.
Performing Program and Verify Operations...
Program/Verify Operation successful.
INFO: [Labtoolstcl 44-377] Flash programming completed successfully
program_hw_cfgmem: Time (s): cpu = 00:00:03 ; elapsed = 00:02:04 . Memory (MB): peak = 2805.676 ; gain = 8.219
endgroup
current_hw_device [get_hw_devices xc7a100t_0]
refresh_hw_device -update_hw_probes false [lindex [get_hw_devices xc7a100t_0] 0]
INFO: [Labtools 27-2302] Device xc7a100t (JTAG device index = 0) is programmed with a design that has 1 SPI core(s).
set_property PROBES.FILE {} [get_hw_devices xc7a100t_0]
set_property FULL_PROBES.FILE {} [get_hw_devices xc7a100t_0]
set_property PROGRAM.FILE {D:/OneDrive - zju.edu.cn/fpga/learn/led_run4/led_run4.runs/impl_1/run_led4_test.bit} [get_hw_devices xc7a100t_0]
program_hw_devices [get_hw_devices xc7a100t_0]
INFO: [Labtools 27-3164] End of startup status: HIGH
refresh_hw_device [lindex [get_hw_devices xc7a100t_0] 0]
INFO: [Labtools 27-1434] Device xc7a100t (JTAG device index = 0) is programmed with a design that has no supported debug core(s) in it.
ERROR: [Labtoolstcl 44-513] HW Target shutdown. Closing target: localhost:3121/xilinx_tcf/Digilent/26CB7BF98871
INFO: [Labtoolstcl 44-466] Opening hw_target localhost:3121/xilinx_tcf/Digilent/26CB7BF98871
INFO: [Labtools 27-1435] Device xc7a100t (JTAG device index = 0) is not programmed (DONE status = 0).
WARNING: [Labtoolstcl 44-129] No matching hw_ila_data was found.
ERROR: [Labtoolstcl 44-513] HW Target shutdown. Closing target: localhost:3121/xilinx_tcf/Digilent/26CB7BF98871
INFO: [Labtoolstcl 44-466] Opening hw_target localhost:3121/xilinx_tcf/Digilent/26CB7BF98871
INFO: [Labtools 27-1435] Device xc7a100t (JTAG device index = 0) is not programmed (DONE status = 0).
WARNING: [Labtoolstcl 44-129] No matching hw_ila_data was found.
set_property PROBES.FILE {} [get_hw_devices xc7a100t_0]
set_property FULL_PROBES.FILE {} [get_hw_devices xc7a100t_0]
set_property PROGRAM.FILE {D:/OneDrive - zju.edu.cn/fpga/learn/led_run4/led_run4.runs/impl_1/run_led4_test.bit} [get_hw_devices xc7a100t_0]
program_hw_devices [get_hw_devices xc7a100t_0]
INFO: [Labtools 27-3164] End of startup status: HIGH
refresh_hw_device [lindex [get_hw_devices xc7a100t_0] 0]
INFO: [Labtools 27-1434] Device xc7a100t (JTAG device index = 0) is programmed with a design that has no supported debug core(s) in it.
set_property PROGRAM.ADDRESS_RANGE  {entire_device} [ get_property PROGRAM.HW_CFGMEM [lindex [get_hw_devices xc7a100t_0] 0]]
set_property PROGRAM.FILES [list "D:/OneDrive - zju.edu.cn/fpga/learn/led_run4/led_run4.runs/impl_1/run_led4_test.bin" ] [ get_property PROGRAM.HW_CFGMEM [lindex [get_hw_devices xc7a100t_0] 0]]
set_property PROGRAM.PRM_FILE {} [ get_property PROGRAM.HW_CFGMEM [lindex [get_hw_devices xc7a100t_0] 0]]
set_property PROGRAM.UNUSED_PIN_TERMINATION {pull-none} [ get_property PROGRAM.HW_CFGMEM [lindex [get_hw_devices xc7a100t_0] 0]]
set_property PROGRAM.BLANK_CHECK  0 [ get_property PROGRAM.HW_CFGMEM [lindex [get_hw_devices xc7a100t_0] 0]]
set_property PROGRAM.ERASE  1 [ get_property PROGRAM.HW_CFGMEM [lindex [get_hw_devices xc7a100t_0] 0]]
set_property PROGRAM.CFG_PROGRAM  1 [ get_property PROGRAM.HW_CFGMEM [lindex [get_hw_devices xc7a100t_0] 0]]
set_property PROGRAM.VERIFY  1 [ get_property PROGRAM.HW_CFGMEM [lindex [get_hw_devices xc7a100t_0] 0]]
set_property PROGRAM.CHECKSUM  0 [ get_property PROGRAM.HW_CFGMEM [lindex [get_hw_devices xc7a100t_0] 0]]
startgroup 
create_hw_bitstream -hw_device [lindex [get_hw_devices xc7a100t_0] 0] [get_property PROGRAM.HW_CFGMEM_BITFILE [ lindex [get_hw_devices xc7a100t_0] 0]]; program_hw_devices [lindex [get_hw_devices xc7a100t_0] 0]; refresh_hw_device [lindex [get_hw_devices xc7a100t_0] 0];
INFO: [Labtools 27-3164] End of startup status: HIGH
INFO: [Labtools 27-2302] Device xc7a100t (JTAG device index = 0) is programmed with a design that has 1 SPI core(s).
program_hw_cfgmem -hw_cfgmem [ get_property PROGRAM.HW_CFGMEM [lindex [get_hw_devices xc7a100t_0] 0]]
INFO: [Xicom 50-104] The verify operation will only be performed on the address range specified by the Memory Configuration File (MCS).
Mfg ID : 20   Memory Type : ba   Memory Capacity : 18   Device ID 1 : 0   Device ID 2 : 0
Performing Erase Operation...
Erase Operation successful.
Performing Program and Verify Operations...
Program/Verify Operation successful.
INFO: [Labtoolstcl 44-377] Flash programming completed successfully
program_hw_cfgmem: Time (s): cpu = 00:00:02 ; elapsed = 00:01:23 . Memory (MB): peak = 2807.055 ; gain = 1.379
endgroup
ERROR: [Labtoolstcl 44-513] HW Target shutdown. Closing target: localhost:3121/xilinx_tcf/Digilent/26CB7BF98871
close_hw_manager
WARNING: [Board 49-26] cannot add Board Part xilinx.com:kc705:part0:1.6 available at C:/Xilinx2021/Vivado/2021.1/data/xhub/boards/XilinxBoardStore/boards/Xilinx/kc705/1.6/board.xml as part xc7k325tffg900-2 specified in board_part file is either invalid or not available
WARNING: [Board 49-26] cannot add Board Part xilinx.com:kcu105:part0:1.6 available at C:/Xilinx2021/Vivado/2021.1/data/xhub/boards/XilinxBoardStore/boards/Xilinx/kcu105/1.6/board.xml as part xcku040-ffva1156-2-e specified in board_part file is either invalid or not available
WARNING: [Board 49-26] cannot add Board Part xilinx.com:kcu105:part0:1.7 available at C:/Xilinx2021/Vivado/2021.1/data/xhub/boards/XilinxBoardStore/boards/Xilinx/kcu105/1.7/board.xml as part xcku040-ffva1156-2-e specified in board_part file is either invalid or not available
WARNING: [Board 49-26] cannot add Board Part xilinx.com:kcu1500:part0:1.2 available at C:/Xilinx2021/Vivado/2021.1/data/xhub/boards/XilinxBoardStore/boards/Xilinx/kcu1500/1.2/board.xml as part xcku115-flvb2104-2-e specified in board_part file is either invalid or not available
WARNING: [Board 49-26] cannot add Board Part xilinx.com:vc707:part0:1.4 available at C:/Xilinx2021/Vivado/2021.1/data/xhub/boards/XilinxBoardStore/boards/Xilinx/vc707/1.4/board.xml as part xc7vx485tffg1761-2 specified in board_part file is either invalid or not available
WARNING: [Board 49-26] cannot add Board Part xilinx.com:vc709:part0:1.8 available at C:/Xilinx2021/Vivado/2021.1/data/xhub/boards/XilinxBoardStore/boards/Xilinx/vc709/1.8/board.xml as part xc7vx690tffg1761-2 specified in board_part file is either invalid or not available
WARNING: [Board 49-26] cannot add Board Part xilinx.com:vck190:part0:2.0 available at C:/Xilinx2021/Vivado/2021.1/data/xhub/boards/XilinxBoardStore/boards/Xilinx/vck190/production/2.0/board.xml as part xcvc1902-vsva2197-2mp-e-s specified in board_part file is either invalid or not available
WARNING: [Board 49-26] cannot add Board Part xilinx.com:vck190:part0:2.1 available at C:/Xilinx2021/Vivado/2021.1/data/xhub/boards/XilinxBoardStore/boards/Xilinx/vck190/production/2.1/board.xml as part xcvc1902-vsva2197-2mp-e-s specified in board_part file is either invalid or not available
WARNING: [Board 49-26] cannot add Board Part xilinx.com:vck190:part0:2.2 available at C:/Xilinx2021/Vivado/2021.1/data/xhub/boards/XilinxBoardStore/boards/Xilinx/vck190/production/2.2/board.xml as part xcvc1902-vsva2197-2mp-e-s specified in board_part file is either invalid or not available
WARNING: [Board 49-26] cannot add Board Part xilinx.com:vck190_es:part0:1.1 available at C:/Xilinx2021/Vivado/2021.1/data/xhub/boards/XilinxBoardStore/boards/Xilinx/vck190/es/1.1/board.xml as part xcvc1902-vsva2197-2mp-e-s-es1 specified in board_part file is either invalid or not available
WARNING: [Board 49-26] cannot add Board Part xilinx.com:vck190_es:part0:1.2 available at C:/Xilinx2021/Vivado/2021.1/data/xhub/boards/XilinxBoardStore/boards/Xilinx/vck190/es/1.2/board.xml as part xcvc1902-vsva2197-2mp-e-s-es1 specified in board_part file is either invalid or not available
WARNING: [Board 49-26] cannot add Board Part xilinx.com:vck190_es:part0:1.3 available at C:/Xilinx2021/Vivado/2021.1/data/xhub/boards/XilinxBoardStore/boards/Xilinx/vck190/es/1.3/board.xml as part xcvc1902-vsva2197-2mp-e-s-es1 specified in board_part file is either invalid or not available
WARNING: [Board 49-26] cannot add Board Part xilinx.com:vcu108:part0:1.6 available at C:/Xilinx2021/Vivado/2021.1/data/xhub/boards/XilinxBoardStore/boards/Xilinx/vcu108/1.6/board.xml as part xcvu095-ffva2104-2-e specified in board_part file is either invalid or not available
WARNING: [Board 49-26] cannot add Board Part xilinx.com:vcu108:part0:1.7 available at C:/Xilinx2021/Vivado/2021.1/data/xhub/boards/XilinxBoardStore/boards/Xilinx/vcu108/1.7/board.xml as part xcvu095-ffva2104-2-e specified in board_part file is either invalid or not available
WARNING: [Board 49-26] cannot add Board Part xilinx.com:vcu110:part0:1.4 available at C:/Xilinx2021/Vivado/2021.1/data/xhub/boards/XilinxBoardStore/boards/Xilinx/vcu110/1.4/board.xml as part xcvu190-flgc2104-2-e specified in board_part file is either invalid or not available
WARNING: [Board 49-26] cannot add Board Part xilinx.com:vcu118:part0:2.0 available at C:/Xilinx2021/Vivado/2021.1/data/xhub/boards/XilinxBoardStore/boards/Xilinx/vcu118/2.0/board.xml as part xcvu9p-flga2104-2l-e specified in board_part file is either invalid or not available
WARNING: [Board 49-26] cannot add Board Part xilinx.com:vcu118:part0:2.3 available at C:/Xilinx2021/Vivado/2021.1/data/xhub/boards/XilinxBoardStore/boards/Xilinx/vcu118/2.3/board.xml as part xcvu9p-flga2104-2l-e specified in board_part file is either invalid or not available
WARNING: [Board 49-26] cannot add Board Part xilinx.com:vcu118:part0:2.4 available at C:/Xilinx2021/Vivado/2021.1/data/xhub/boards/XilinxBoardStore/boards/Xilinx/vcu118/2.4/board.xml as part xcvu9p-flga2104-2l-e specified in board_part file is either invalid or not available
WARNING: [Board 49-26] cannot add Board Part xilinx.com:vcu128:part0:1.0 available at C:/Xilinx2021/Vivado/2021.1/data/xhub/boards/XilinxBoardStore/boards/Xilinx/vcu128/production/1.0/board.xml as part xcvu37p-fsvh2892-2l-e specified in board_part file is either invalid or not available
WARNING: [Board 49-26] cannot add Board Part xilinx.com:vcu129:part0:1.0 available at C:/Xilinx2021/Vivado/2021.1/data/xhub/boards/XilinxBoardStore/boards/Xilinx/vcu129/production/1.0/board.xml as part xcvu29p-fsga2577-2l-e specified in board_part file is either invalid or not available
WARNING: [Board 49-26] cannot add Board Part xilinx.com:vcu1525:part0:1.3 available at C:/Xilinx2021/Vivado/2021.1/data/xhub/boards/XilinxBoardStore/boards/Xilinx/vcu1525/1.3/board.xml as part xcvu9p-fsgd2104-2l-e specified in board_part file is either invalid or not available
WARNING: [Board 49-26] cannot add Board Part xilinx.com:vermeo_t1_mpsoc:part0:1.0 available at C:/Xilinx2021/Vivado/2021.1/data/xhub/boards/XilinxBoardStore/boards/Xilinx/vermeo_t1_mpsoc/1.0/board.xml as part xczu19eg-ffvd1760-2l-e specified in board_part file is either invalid or not available
WARNING: [Board 49-26] cannot add Board Part xilinx.com:vermeo_t1_rfsoc:part0:1.0 available at C:/Xilinx2021/Vivado/2021.1/data/xhub/boards/XilinxBoardStore/boards/Xilinx/vermeo_t1_rfsoc/1.0/board.xml as part xczu21dr-ffvd1156-2l-e specified in board_part file is either invalid or not available
WARNING: [Board 49-26] cannot add Board Part xilinx.com:vmk180:part0:2.0 available at C:/Xilinx2021/Vivado/2021.1/data/xhub/boards/XilinxBoardStore/boards/Xilinx/vmk180/production/2.0/board.xml as part xcvm1802-vsva2197-2mp-e-s specified in board_part file is either invalid or not available
WARNING: [Board 49-26] cannot add Board Part xilinx.com:vmk180:part0:2.1 available at C:/Xilinx2021/Vivado/2021.1/data/xhub/boards/XilinxBoardStore/boards/Xilinx/vmk180/production/2.1/board.xml as part xcvm1802-vsva2197-2mp-e-s specified in board_part file is either invalid or not available
WARNING: [Board 49-26] cannot add Board Part xilinx.com:vmk180:part0:2.2 available at C:/Xilinx2021/Vivado/2021.1/data/xhub/boards/XilinxBoardStore/boards/Xilinx/vmk180/production/2.2/board.xml as part xcvm1802-vsva2197-2mp-e-s specified in board_part file is either invalid or not available
WARNING: [Board 49-26] cannot add Board Part xilinx.com:vmk180_es:part0:1.1 available at C:/Xilinx2021/Vivado/2021.1/data/xhub/boards/XilinxBoardStore/boards/Xilinx/vmk180/es/1.1/board.xml as part xcvm1802-vsva2197-2mp-e-s-es1 specified in board_part file is either invalid or not available
WARNING: [Board 49-26] cannot add Board Part xilinx.com:vmk180_es:part0:1.2 available at C:/Xilinx2021/Vivado/2021.1/data/xhub/boards/XilinxBoardStore/boards/Xilinx/vmk180/es/1.2/board.xml as part xcvm1802-vsva2197-2mp-e-s-es1 specified in board_part file is either invalid or not available
WARNING: [Board 49-26] cannot add Board Part xilinx.com:vmk180_es:part0:1.3 available at C:/Xilinx2021/Vivado/2021.1/data/xhub/boards/XilinxBoardStore/boards/Xilinx/vmk180/es/1.3/board.xml as part xcvm1802-vsva2197-2mp-e-s-es1 specified in board_part file is either invalid or not available
WARNING: [Board 49-26] cannot add Board Part xilinx.com:zc706:part0:1.4 available at C:/Xilinx2021/Vivado/2021.1/data/xhub/boards/XilinxBoardStore/boards/Xilinx/zc706/1.4/board.xml as part xc7z045ffg900-2 specified in board_part file is either invalid or not available
WARNING: [Board 49-26] cannot add Board Part xilinx.com:zcu102:part0:3.3 available at C:/Xilinx2021/Vivado/2021.1/data/xhub/boards/XilinxBoardStore/boards/Xilinx/zcu102/3.3/board.xml as part xczu9eg-ffvb1156-2-e specified in board_part file is either invalid or not available
WARNING: [Board 49-26] cannot add Board Part xilinx.com:zcu102:part0:3.4 available at C:/Xilinx2021/Vivado/2021.1/data/xhub/boards/XilinxBoardStore/boards/Xilinx/zcu102/3.4/board.xml as part xczu9eg-ffvb1156-2-e specified in board_part file is either invalid or not available
WARNING: [Board 49-26] cannot add Board Part xilinx.com:zcu111:part0:1.2 available at C:/Xilinx2021/Vivado/2021.1/data/xhub/boards/XilinxBoardStore/boards/Xilinx/zcu111/1.2/board.xml as part xczu28dr-ffvg1517-2-e specified in board_part file is either invalid or not available
WARNING: [Board 49-26] cannot add Board Part xilinx.com:zcu111:part0:1.3 available at C:/Xilinx2021/Vivado/2021.1/data/xhub/boards/XilinxBoardStore/boards/Xilinx/zcu111/1.3/board.xml as part xczu28dr-ffvg1517-2-e specified in board_part file is either invalid or not available
WARNING: [Board 49-26] cannot add Board Part xilinx.com:zcu111:part0:1.4 available at C:/Xilinx2021/Vivado/2021.1/data/xhub/boards/XilinxBoardStore/boards/Xilinx/zcu111/1.4/board.xml as part xczu28dr-ffvg1517-2-e specified in board_part file is either invalid or not available
WARNING: [Board 49-26] cannot add Board Part xilinx.com:zcu1275:part0:1.0 available at C:/Xilinx2021/Vivado/2021.1/data/xhub/boards/XilinxBoardStore/boards/Xilinx/zcu1275/1.0/board.xml as part xczu29dr-ffvf1760-2-e specified in board_part file is either invalid or not available
WARNING: [Board 49-26] cannot add Board Part xilinx.com:zcu1285:part0:1.0 available at C:/Xilinx2021/Vivado/2021.1/data/xhub/boards/XilinxBoardStore/boards/Xilinx/zcu1285/1.0/board.xml as part xczu39dr-ffvf1760-2-i specified in board_part file is either invalid or not available
WARNING: [Board 49-26] cannot add Board Part xilinx.com:zcu208:part0:2.0 available at C:/Xilinx2021/Vivado/2021.1/data/xhub/boards/XilinxBoardStore/boards/Xilinx/zcu208/production/2.0/board.xml as part xczu48dr-fsvg1517-2-e specified in board_part file is either invalid or not available
WARNING: [Board 49-26] cannot add Board Part xilinx.com:zcu208_es:part0:1.0 available at C:/Xilinx2021/Vivado/2021.1/data/xhub/boards/XilinxBoardStore/boards/Xilinx/zcu208/es/1.0/board.xml as part xczu48dr-fsvg1517-2-e-es1 specified in board_part file is either invalid or not available
WARNING: [Board 49-26] cannot add Board Part xilinx.com:zcu208_es:part0:1.1 available at C:/Xilinx2021/Vivado/2021.1/data/xhub/boards/XilinxBoardStore/boards/Xilinx/zcu208/es/1.1/board.xml as part xczu48dr-fsvg1517-2-e-es1 specified in board_part file is either invalid or not available
WARNING: [Board 49-26] cannot add Board Part xilinx.com:zcu208_es:part0:1.2 available at C:/Xilinx2021/Vivado/2021.1/data/xhub/boards/XilinxBoardStore/boards/Xilinx/zcu208/es/1.2/board.xml as part xczu48dr-fsvg1517-2-e-es1 specified in board_part file is either invalid or not available
WARNING: [Board 49-26] cannot add Board Part xilinx.com:zcu208ld_es:part0:1.0 available at C:/Xilinx2021/Vivado/2021.1/data/xhub/boards/XilinxBoardStore/boards/Xilinx/zcu208ld/es/1.0/board.xml as part xczu58dr-fsvg1517-2-i-es1 specified in board_part file is either invalid or not available
WARNING: [Board 49-26] cannot add Board Part xilinx.com:zcu216:part0:2.0 available at C:/Xilinx2021/Vivado/2021.1/data/xhub/boards/XilinxBoardStore/boards/Xilinx/zcu216/production/2.0/board.xml as part xczu49dr-ffvf1760-2-e specified in board_part file is either invalid or not available
WARNING: [Board 49-26] cannot add Board Part xilinx.com:zcu216_es:part0:1.0 available at C:/Xilinx2021/Vivado/2021.1/data/xhub/boards/XilinxBoardStore/boards/Xilinx/zcu216/es/1.0/board.xml as part xczu49dr-ffvf1760-2-e-es1 specified in board_part file is either invalid or not available
WARNING: [Board 49-26] cannot add Board Part xilinx.com:zcu216_es:part0:1.1 available at C:/Xilinx2021/Vivado/2021.1/data/xhub/boards/XilinxBoardStore/boards/Xilinx/zcu216/es/1.1/board.xml as part xczu49dr-ffvf1760-2-e-es1 specified in board_part file is either invalid or not available
WARNING: [Board 49-26] cannot add Board Part xilinx.com:zcu216_es:part0:1.2 available at C:/Xilinx2021/Vivado/2021.1/data/xhub/boards/XilinxBoardStore/boards/Xilinx/zcu216/es/1.2/board.xml as part xczu49dr-ffvf1760-2-e-es1 specified in board_part file is either invalid or not available
WARNING: [Board 49-26] cannot add Board Part xilinx.com:zcu216ld_es:part0:1.0 available at C:/Xilinx2021/Vivado/2021.1/data/xhub/boards/XilinxBoardStore/boards/Xilinx/zcu216ld/es/1.0/board.xml as part xczu59dr-ffvf1760-2-i-es1 specified in board_part file is either invalid or not available
WARNING: [Board 49-26] cannot add Board Part xilinx.com:kc705:part0:1.6 available at C:/Xilinx2021/Vivado/2021.1/data/xhub/boards/XilinxBoardStore/boards/Xilinx/kc705/1.6/board.xml as part xc7k325tffg900-2 specified in board_part file is either invalid or not available
WARNING: [Board 49-26] cannot add Board Part xilinx.com:kcu105:part0:1.6 available at C:/Xilinx2021/Vivado/2021.1/data/xhub/boards/XilinxBoardStore/boards/Xilinx/kcu105/1.6/board.xml as part xcku040-ffva1156-2-e specified in board_part file is either invalid or not available
WARNING: [Board 49-26] cannot add Board Part xilinx.com:kcu105:part0:1.7 available at C:/Xilinx2021/Vivado/2021.1/data/xhub/boards/XilinxBoardStore/boards/Xilinx/kcu105/1.7/board.xml as part xcku040-ffva1156-2-e specified in board_part file is either invalid or not available
WARNING: [Board 49-26] cannot add Board Part xilinx.com:kcu1500:part0:1.2 available at C:/Xilinx2021/Vivado/2021.1/data/xhub/boards/XilinxBoardStore/boards/Xilinx/kcu1500/1.2/board.xml as part xcku115-flvb2104-2-e specified in board_part file is either invalid or not available
WARNING: [Board 49-26] cannot add Board Part xilinx.com:vc707:part0:1.4 available at C:/Xilinx2021/Vivado/2021.1/data/xhub/boards/XilinxBoardStore/boards/Xilinx/vc707/1.4/board.xml as part xc7vx485tffg1761-2 specified in board_part file is either invalid or not available
WARNING: [Board 49-26] cannot add Board Part xilinx.com:vc709:part0:1.8 available at C:/Xilinx2021/Vivado/2021.1/data/xhub/boards/XilinxBoardStore/boards/Xilinx/vc709/1.8/board.xml as part xc7vx690tffg1761-2 specified in board_part file is either invalid or not available
WARNING: [Board 49-26] cannot add Board Part xilinx.com:vck190:part0:2.0 available at C:/Xilinx2021/Vivado/2021.1/data/xhub/boards/XilinxBoardStore/boards/Xilinx/vck190/production/2.0/board.xml as part xcvc1902-vsva2197-2mp-e-s specified in board_part file is either invalid or not available
WARNING: [Board 49-26] cannot add Board Part xilinx.com:vck190:part0:2.1 available at C:/Xilinx2021/Vivado/2021.1/data/xhub/boards/XilinxBoardStore/boards/Xilinx/vck190/production/2.1/board.xml as part xcvc1902-vsva2197-2mp-e-s specified in board_part file is either invalid or not available
WARNING: [Board 49-26] cannot add Board Part xilinx.com:vck190:part0:2.2 available at C:/Xilinx2021/Vivado/2021.1/data/xhub/boards/XilinxBoardStore/boards/Xilinx/vck190/production/2.2/board.xml as part xcvc1902-vsva2197-2mp-e-s specified in board_part file is either invalid or not available
WARNING: [Board 49-26] cannot add Board Part xilinx.com:vck190_es:part0:1.1 available at C:/Xilinx2021/Vivado/2021.1/data/xhub/boards/XilinxBoardStore/boards/Xilinx/vck190/es/1.1/board.xml as part xcvc1902-vsva2197-2mp-e-s-es1 specified in board_part file is either invalid or not available
WARNING: [Board 49-26] cannot add Board Part xilinx.com:vck190_es:part0:1.2 available at C:/Xilinx2021/Vivado/2021.1/data/xhub/boards/XilinxBoardStore/boards/Xilinx/vck190/es/1.2/board.xml as part xcvc1902-vsva2197-2mp-e-s-es1 specified in board_part file is either invalid or not available
WARNING: [Board 49-26] cannot add Board Part xilinx.com:vck190_es:part0:1.3 available at C:/Xilinx2021/Vivado/2021.1/data/xhub/boards/XilinxBoardStore/boards/Xilinx/vck190/es/1.3/board.xml as part xcvc1902-vsva2197-2mp-e-s-es1 specified in board_part file is either invalid or not available
WARNING: [Board 49-26] cannot add Board Part xilinx.com:vcu108:part0:1.6 available at C:/Xilinx2021/Vivado/2021.1/data/xhub/boards/XilinxBoardStore/boards/Xilinx/vcu108/1.6/board.xml as part xcvu095-ffva2104-2-e specified in board_part file is either invalid or not available
WARNING: [Board 49-26] cannot add Board Part xilinx.com:vcu108:part0:1.7 available at C:/Xilinx2021/Vivado/2021.1/data/xhub/boards/XilinxBoardStore/boards/Xilinx/vcu108/1.7/board.xml as part xcvu095-ffva2104-2-e specified in board_part file is either invalid or not available
WARNING: [Board 49-26] cannot add Board Part xilinx.com:vcu110:part0:1.4 available at C:/Xilinx2021/Vivado/2021.1/data/xhub/boards/XilinxBoardStore/boards/Xilinx/vcu110/1.4/board.xml as part xcvu190-flgc2104-2-e specified in board_part file is either invalid or not available
WARNING: [Board 49-26] cannot add Board Part xilinx.com:vcu118:part0:2.0 available at C:/Xilinx2021/Vivado/2021.1/data/xhub/boards/XilinxBoardStore/boards/Xilinx/vcu118/2.0/board.xml as part xcvu9p-flga2104-2l-e specified in board_part file is either invalid or not available
WARNING: [Board 49-26] cannot add Board Part xilinx.com:vcu118:part0:2.3 available at C:/Xilinx2021/Vivado/2021.1/data/xhub/boards/XilinxBoardStore/boards/Xilinx/vcu118/2.3/board.xml as part xcvu9p-flga2104-2l-e specified in board_part file is either invalid or not available
WARNING: [Board 49-26] cannot add Board Part xilinx.com:vcu118:part0:2.4 available at C:/Xilinx2021/Vivado/2021.1/data/xhub/boards/XilinxBoardStore/boards/Xilinx/vcu118/2.4/board.xml as part xcvu9p-flga2104-2l-e specified in board_part file is either invalid or not available
WARNING: [Board 49-26] cannot add Board Part xilinx.com:vcu128:part0:1.0 available at C:/Xilinx2021/Vivado/2021.1/data/xhub/boards/XilinxBoardStore/boards/Xilinx/vcu128/production/1.0/board.xml as part xcvu37p-fsvh2892-2l-e specified in board_part file is either invalid or not available
WARNING: [Board 49-26] cannot add Board Part xilinx.com:vcu129:part0:1.0 available at C:/Xilinx2021/Vivado/2021.1/data/xhub/boards/XilinxBoardStore/boards/Xilinx/vcu129/production/1.0/board.xml as part xcvu29p-fsga2577-2l-e specified in board_part file is either invalid or not available
WARNING: [Board 49-26] cannot add Board Part xilinx.com:vcu1525:part0:1.3 available at C:/Xilinx2021/Vivado/2021.1/data/xhub/boards/XilinxBoardStore/boards/Xilinx/vcu1525/1.3/board.xml as part xcvu9p-fsgd2104-2l-e specified in board_part file is either invalid or not available
WARNING: [Board 49-26] cannot add Board Part xilinx.com:vermeo_t1_mpsoc:part0:1.0 available at C:/Xilinx2021/Vivado/2021.1/data/xhub/boards/XilinxBoardStore/boards/Xilinx/vermeo_t1_mpsoc/1.0/board.xml as part xczu19eg-ffvd1760-2l-e specified in board_part file is either invalid or not available
WARNING: [Board 49-26] cannot add Board Part xilinx.com:vermeo_t1_rfsoc:part0:1.0 available at C:/Xilinx2021/Vivado/2021.1/data/xhub/boards/XilinxBoardStore/boards/Xilinx/vermeo_t1_rfsoc/1.0/board.xml as part xczu21dr-ffvd1156-2l-e specified in board_part file is either invalid or not available
WARNING: [Board 49-26] cannot add Board Part xilinx.com:vmk180:part0:2.0 available at C:/Xilinx2021/Vivado/2021.1/data/xhub/boards/XilinxBoardStore/boards/Xilinx/vmk180/production/2.0/board.xml as part xcvm1802-vsva2197-2mp-e-s specified in board_part file is either invalid or not available
WARNING: [Board 49-26] cannot add Board Part xilinx.com:vmk180:part0:2.1 available at C:/Xilinx2021/Vivado/2021.1/data/xhub/boards/XilinxBoardStore/boards/Xilinx/vmk180/production/2.1/board.xml as part xcvm1802-vsva2197-2mp-e-s specified in board_part file is either invalid or not available
WARNING: [Board 49-26] cannot add Board Part xilinx.com:vmk180:part0:2.2 available at C:/Xilinx2021/Vivado/2021.1/data/xhub/boards/XilinxBoardStore/boards/Xilinx/vmk180/production/2.2/board.xml as part xcvm1802-vsva2197-2mp-e-s specified in board_part file is either invalid or not available
WARNING: [Board 49-26] cannot add Board Part xilinx.com:vmk180_es:part0:1.1 available at C:/Xilinx2021/Vivado/2021.1/data/xhub/boards/XilinxBoardStore/boards/Xilinx/vmk180/es/1.1/board.xml as part xcvm1802-vsva2197-2mp-e-s-es1 specified in board_part file is either invalid or not available
WARNING: [Board 49-26] cannot add Board Part xilinx.com:vmk180_es:part0:1.2 available at C:/Xilinx2021/Vivado/2021.1/data/xhub/boards/XilinxBoardStore/boards/Xilinx/vmk180/es/1.2/board.xml as part xcvm1802-vsva2197-2mp-e-s-es1 specified in board_part file is either invalid or not available
WARNING: [Board 49-26] cannot add Board Part xilinx.com:vmk180_es:part0:1.3 available at C:/Xilinx2021/Vivado/2021.1/data/xhub/boards/XilinxBoardStore/boards/Xilinx/vmk180/es/1.3/board.xml as part xcvm1802-vsva2197-2mp-e-s-es1 specified in board_part file is either invalid or not available
WARNING: [Board 49-26] cannot add Board Part xilinx.com:zc706:part0:1.4 available at C:/Xilinx2021/Vivado/2021.1/data/xhub/boards/XilinxBoardStore/boards/Xilinx/zc706/1.4/board.xml as part xc7z045ffg900-2 specified in board_part file is either invalid or not available
WARNING: [Board 49-26] cannot add Board Part xilinx.com:zcu102:part0:3.3 available at C:/Xilinx2021/Vivado/2021.1/data/xhub/boards/XilinxBoardStore/boards/Xilinx/zcu102/3.3/board.xml as part xczu9eg-ffvb1156-2-e specified in board_part file is either invalid or not available
WARNING: [Board 49-26] cannot add Board Part xilinx.com:zcu102:part0:3.4 available at C:/Xilinx2021/Vivado/2021.1/data/xhub/boards/XilinxBoardStore/boards/Xilinx/zcu102/3.4/board.xml as part xczu9eg-ffvb1156-2-e specified in board_part file is either invalid or not available
WARNING: [Board 49-26] cannot add Board Part xilinx.com:zcu111:part0:1.2 available at C:/Xilinx2021/Vivado/2021.1/data/xhub/boards/XilinxBoardStore/boards/Xilinx/zcu111/1.2/board.xml as part xczu28dr-ffvg1517-2-e specified in board_part file is either invalid or not available
WARNING: [Board 49-26] cannot add Board Part xilinx.com:zcu111:part0:1.3 available at C:/Xilinx2021/Vivado/2021.1/data/xhub/boards/XilinxBoardStore/boards/Xilinx/zcu111/1.3/board.xml as part xczu28dr-ffvg1517-2-e specified in board_part file is either invalid or not available
WARNING: [Board 49-26] cannot add Board Part xilinx.com:zcu111:part0:1.4 available at C:/Xilinx2021/Vivado/2021.1/data/xhub/boards/XilinxBoardStore/boards/Xilinx/zcu111/1.4/board.xml as part xczu28dr-ffvg1517-2-e specified in board_part file is either invalid or not available
WARNING: [Board 49-26] cannot add Board Part xilinx.com:zcu1275:part0:1.0 available at C:/Xilinx2021/Vivado/2021.1/data/xhub/boards/XilinxBoardStore/boards/Xilinx/zcu1275/1.0/board.xml as part xczu29dr-ffvf1760-2-e specified in board_part file is either invalid or not available
WARNING: [Board 49-26] cannot add Board Part xilinx.com:zcu1285:part0:1.0 available at C:/Xilinx2021/Vivado/2021.1/data/xhub/boards/XilinxBoardStore/boards/Xilinx/zcu1285/1.0/board.xml as part xczu39dr-ffvf1760-2-i specified in board_part file is either invalid or not available
WARNING: [Board 49-26] cannot add Board Part xilinx.com:zcu208:part0:2.0 available at C:/Xilinx2021/Vivado/2021.1/data/xhub/boards/XilinxBoardStore/boards/Xilinx/zcu208/production/2.0/board.xml as part xczu48dr-fsvg1517-2-e specified in board_part file is either invalid or not available
WARNING: [Board 49-26] cannot add Board Part xilinx.com:zcu208_es:part0:1.0 available at C:/Xilinx2021/Vivado/2021.1/data/xhub/boards/XilinxBoardStore/boards/Xilinx/zcu208/es/1.0/board.xml as part xczu48dr-fsvg1517-2-e-es1 specified in board_part file is either invalid or not available
WARNING: [Board 49-26] cannot add Board Part xilinx.com:zcu208_es:part0:1.1 available at C:/Xilinx2021/Vivado/2021.1/data/xhub/boards/XilinxBoardStore/boards/Xilinx/zcu208/es/1.1/board.xml as part xczu48dr-fsvg1517-2-e-es1 specified in board_part file is either invalid or not available
WARNING: [Board 49-26] cannot add Board Part xilinx.com:zcu208_es:part0:1.2 available at C:/Xilinx2021/Vivado/2021.1/data/xhub/boards/XilinxBoardStore/boards/Xilinx/zcu208/es/1.2/board.xml as part xczu48dr-fsvg1517-2-e-es1 specified in board_part file is either invalid or not available
WARNING: [Board 49-26] cannot add Board Part xilinx.com:zcu208ld_es:part0:1.0 available at C:/Xilinx2021/Vivado/2021.1/data/xhub/boards/XilinxBoardStore/boards/Xilinx/zcu208ld/es/1.0/board.xml as part xczu58dr-fsvg1517-2-i-es1 specified in board_part file is either invalid or not available
WARNING: [Board 49-26] cannot add Board Part xilinx.com:zcu216:part0:2.0 available at C:/Xilinx2021/Vivado/2021.1/data/xhub/boards/XilinxBoardStore/boards/Xilinx/zcu216/production/2.0/board.xml as part xczu49dr-ffvf1760-2-e specified in board_part file is either invalid or not available
WARNING: [Board 49-26] cannot add Board Part xilinx.com:zcu216_es:part0:1.0 available at C:/Xilinx2021/Vivado/2021.1/data/xhub/boards/XilinxBoardStore/boards/Xilinx/zcu216/es/1.0/board.xml as part xczu49dr-ffvf1760-2-e-es1 specified in board_part file is either invalid or not available
WARNING: [Board 49-26] cannot add Board Part xilinx.com:zcu216_es:part0:1.1 available at C:/Xilinx2021/Vivado/2021.1/data/xhub/boards/XilinxBoardStore/boards/Xilinx/zcu216/es/1.1/board.xml as part xczu49dr-ffvf1760-2-e-es1 specified in board_part file is either invalid or not available
WARNING: [Board 49-26] cannot add Board Part xilinx.com:zcu216_es:part0:1.2 available at C:/Xilinx2021/Vivado/2021.1/data/xhub/boards/XilinxBoardStore/boards/Xilinx/zcu216/es/1.2/board.xml as part xczu49dr-ffvf1760-2-e-es1 specified in board_part file is either invalid or not available
WARNING: [Board 49-26] cannot add Board Part xilinx.com:zcu216ld_es:part0:1.0 available at C:/Xilinx2021/Vivado/2021.1/data/xhub/boards/XilinxBoardStore/boards/Xilinx/zcu216ld/es/1.0/board.xml as part xczu59dr-ffvf1760-2-i-es1 specified in board_part file is either invalid or not available
WARNING: [Board 49-26] cannot add Board Part xilinx.com:kc705:part0:1.6 available at C:/Xilinx2021/Vivado/2021.1/data/xhub/boards/XilinxBoardStore/boards/Xilinx/kc705/1.6/board.xml as part xc7k325tffg900-2 specified in board_part file is either invalid or not available
WARNING: [Board 49-26] cannot add Board Part xilinx.com:kcu105:part0:1.6 available at C:/Xilinx2021/Vivado/2021.1/data/xhub/boards/XilinxBoardStore/boards/Xilinx/kcu105/1.6/board.xml as part xcku040-ffva1156-2-e specified in board_part file is either invalid or not available
WARNING: [Board 49-26] cannot add Board Part xilinx.com:kcu105:part0:1.7 available at C:/Xilinx2021/Vivado/2021.1/data/xhub/boards/XilinxBoardStore/boards/Xilinx/kcu105/1.7/board.xml as part xcku040-ffva1156-2-e specified in board_part file is either invalid or not available
WARNING: [Board 49-26] cannot add Board Part xilinx.com:kcu1500:part0:1.2 available at C:/Xilinx2021/Vivado/2021.1/data/xhub/boards/XilinxBoardStore/boards/Xilinx/kcu1500/1.2/board.xml as part xcku115-flvb2104-2-e specified in board_part file is either invalid or not available
WARNING: [Board 49-26] cannot add Board Part xilinx.com:vc707:part0:1.4 available at C:/Xilinx2021/Vivado/2021.1/data/xhub/boards/XilinxBoardStore/boards/Xilinx/vc707/1.4/board.xml as part xc7vx485tffg1761-2 specified in board_part file is either invalid or not available
WARNING: [Board 49-26] cannot add Board Part xilinx.com:vc709:part0:1.8 available at C:/Xilinx2021/Vivado/2021.1/data/xhub/boards/XilinxBoardStore/boards/Xilinx/vc709/1.8/board.xml as part xc7vx690tffg1761-2 specified in board_part file is either invalid or not available
INFO: [Common 17-14] Message 'Board 49-26' appears 100 times and further instances of the messages will be disabled. Use the Tcl command set_msg_config to change the current settings.
close_project
create_project led_counter_0 {D:/OneDrive - zju.edu.cn/fpga/learn/led_counter_0} -part xc7a100tfgg484-2
INFO: [IP_Flow 19-234] Refreshing IP repositories
INFO: [IP_Flow 19-1704] No user IP repositories specified
INFO: [IP_Flow 19-2313] Loaded Vivado IP repository 'C:/Xilinx2021/Vivado/2021.1/data/ip'.
file mkdir D:/OneDrive - zju.edu.cn/fpga/learn/led_counter_0/led_counter_0.srcs/sources_1/new
file mkdir D:/OneDrive - zju.edu.cn/fpga/learn/led_counter_0/led_counter_0.srcs/sources_1/new
file mkdir D:/OneDrive - zju.edu.cn/fpga/learn/led_counter_0/led_counter_0.srcs/sources_1/new
file mkdir {D:/OneDrive - zju.edu.cn/fpga/learn/led_counter_0/led_counter_0.srcs/sources_1/new}
close [ open {D:/OneDrive - zju.edu.cn/fpga/learn/led_counter_0/led_counter_0.srcs/sources_1/new/counter_led_0.v} w ]
add_files {{D:/OneDrive - zju.edu.cn/fpga/learn/led_counter_0/led_counter_0.srcs/sources_1/new/counter_led_0.v}}
update_compile_order -fileset sources_1
launch_runs synth_1 -jobs 8
[Sun Oct  1 14:46:21 2023] Launched synth_1...
Run output will be captured here: D:/OneDrive - zju.edu.cn/fpga/learn/led_counter_0/led_counter_0.runs/synth_1/runme.log
file mkdir D:/OneDrive - zju.edu.cn/fpga/learn/led_counter_0/led_counter_0.srcs/sim_1/new
file mkdir D:/OneDrive - zju.edu.cn/fpga/learn/led_counter_0/led_counter_0.srcs/sim_1/new
file mkdir D:/OneDrive - zju.edu.cn/fpga/learn/led_counter_0/led_counter_0.srcs/sim_1/new
file mkdir D:/OneDrive - zju.edu.cn/fpga/learn/led_counter_0/led_counter_0.srcs/sim_1/new
file mkdir D:/OneDrive - zju.edu.cn/fpga/learn/led_counter_0/led_counter_0.srcs/sim_1/new
set_property SOURCE_SET sources_1 [get_filesets sim_1]
file mkdir D:/OneDrive - zju.edu.cn/fpga/learn/led_counter_0/led_counter_0.srcs/sim_1/new
file mkdir {D:/OneDrive - zju.edu.cn/fpga/learn/led_counter_0/led_counter_0.srcs/sim_1/new}
close [ open {D:/OneDrive - zju.edu.cn/fpga/learn/led_counter_0/led_counter_0.srcs/sim_1/new/tb_counter_led_0.v} w ]
add_files -fileset sim_1 {{D:/OneDrive - zju.edu.cn/fpga/learn/led_counter_0/led_counter_0.srcs/sim_1/new/tb_counter_led_0.v}}
update_compile_order -fileset sim_1
launch_simulation
Command: launch_simulation 
INFO: [Vivado 12-12493] Simulation top is 'tb_counter_led_0'
INFO: [Vivado 12-5682] Launching behavioral simulation in 'D:/OneDrive - zju.edu.cn/fpga/learn/led_counter_0/led_counter_0.sim/sim_1/behav/xsim'
INFO: [SIM-utils-51] Simulation object is 'sim_1'
INFO: [SIM-utils-72] Using boost library from 'C:/Xilinx2021/Vivado/2021.1/tps/boost_1_72_0'
INFO: [SIM-utils-54] Inspecting design source files for 'tb_counter_led_0' in fileset 'sim_1'...
INFO: [USF-XSim-97] Finding global include files...
INFO: [USF-XSim-98] Fetching design files from 'sim_1'...
INFO: [USF-XSim-2] XSim::Compile design
INFO: [USF-XSim-61] Executing 'COMPILE and ANALYZE' step in 'D:/OneDrive - zju.edu.cn/fpga/learn/led_counter_0/led_counter_0.sim/sim_1/behav/xsim'
"xvlog --incr --relax -prj tb_counter_led_0_vlog.prj"
INFO: [VRFC 10-2263] Analyzing Verilog file "D:/OneDrive - zju.edu.cn/fpga/learn/led_counter_0/led_counter_0.srcs/sources_1/new/counter_led_0.v" into library xil_defaultlib
INFO: [VRFC 10-311] analyzing module counter_led_0
INFO: [VRFC 10-2263] Analyzing Verilog file "D:/OneDrive - zju.edu.cn/fpga/learn/led_counter_0/led_counter_0.srcs/sim_1/new/tb_counter_led_0.v" into library xil_defaultlib
INFO: [VRFC 10-311] analyzing module tb_counter_led_0
INFO: [VRFC 10-2263] Analyzing Verilog file "D:/OneDrive - zju.edu.cn/fpga/learn/led_counter_0/led_counter_0.sim/sim_1/behav/xsim/glbl.v" into library xil_defaultlib
INFO: [VRFC 10-311] analyzing module glbl
INFO: [USF-XSim-69] 'compile' step finished in '3' seconds
INFO: [USF-XSim-3] XSim::Elaborate design
INFO: [USF-XSim-61] Executing 'ELABORATE' step in 'D:/OneDrive - zju.edu.cn/fpga/learn/led_counter_0/led_counter_0.sim/sim_1/behav/xsim'
"xelab -wto b6d38d8b9ceb49379b21e9b11e289fca --incr --debug typical --relax --mt 2 -L xil_defaultlib -L unisims_ver -L unimacro_ver -L secureip --snapshot tb_counter_led_0_behav xil_defaultlib.tb_counter_led_0 xil_defaultlib.glbl -log elaborate.log"
Vivado Simulator v2021.1
Copyright 1986-1999, 2001-2021 Xilinx, Inc. All Rights Reserved.
Running: C:/Xilinx2021/Vivado/2021.1/bin/unwrapped/win64.o/xelab.exe -wto b6d38d8b9ceb49379b21e9b11e289fca --incr --debug typical --relax --mt 2 -L xil_defaultlib -L unisims_ver -L unimacro_ver -L secureip --snapshot tb_counter_led_0_behav xil_defaultlib.tb_counter_led_0 xil_defaultlib.glbl -log elaborate.log 
Using 2 slave threads.
WARNING: [XSIM 43-3431] One or more environment variables have been detected which affect the operation of the C compiler. These are typically not set in standard installations and are not tested by Xilinx, however they may be appropriate for your system, so the flow will attempt to continue.  If errors occur, try running xelab with the "-mt off -v 1" switches to see more information from the C compiler. The following environment variables have been detected:
    C_INCLUDE_PATH
    LIBRARY_PATH
Starting static elaboration
Pass Through NonSizing Optimizer
Completed static elaboration
Starting simulation data flow analysis
WARNING: [XSIM 43-4099] "D:/OneDrive - zju.edu.cn/fpga/learn/led_counter_0/led_counter_0.srcs/sources_1/new/counter_led_0.v" Line 1. Module counter_led_0 doesn't have a timescale but at least one module in design has a timescale.
WARNING: [XSIM 43-4099] "D:/OneDrive - zju.edu.cn/fpga/learn/led_counter_0/led_counter_0.srcs/sources_1/new/counter_led_0.v" Line 1. Module counter_led_0 doesn't have a timescale but at least one module in design has a timescale.
Completed simulation data flow analysis
Time Resolution for simulation is 1ps
Compiling module xil_defaultlib.counter_led_0
Compiling module xil_defaultlib.tb_counter_led_0
Compiling module xil_defaultlib.glbl
Built simulation snapshot tb_counter_led_0_behav
ERROR: [Common 17-165] Too many positional options when parsing '-notrace', please type 'webtalk -help' for usage info.

run_program: Time (s): cpu = 00:00:00 ; elapsed = 00:00:10 . Memory (MB): peak = 2824.969 ; gain = 0.000
INFO: [USF-XSim-69] 'elaborate' step finished in '10' seconds
INFO: [USF-XSim-4] XSim::Simulate design
INFO: [USF-XSim-61] Executing 'SIMULATE' step in 'D:/OneDrive - zju.edu.cn/fpga/learn/led_counter_0/led_counter_0.sim/sim_1/behav/xsim'
INFO: [USF-XSim-98] *** Running xsim
   with args "tb_counter_led_0_behav -key {Behavioral:sim_1:Functional:tb_counter_led_0} -tclbatch {tb_counter_led_0.tcl} -log {simulate.log}"
INFO: [USF-XSim-8] Loading simulator feature
Time resolution is 1 ps
source tb_counter_led_0.tcl
# set curr_wave [current_wave_config]
# if { [string length $curr_wave] == 0 } {
#   if { [llength [get_objects]] > 0} {
#     add_wave /
#     set_property needs_save false [current_wave_config]
#   } else {
#      send_msg_id Add_Wave-1 WARNING "No top level signals found. Simulator will start without a wave window. If you want to open a wave window go to 'File->New Waveform Configuration' or type 'create_wave_config' in the TCL console."
#   }
# }
# run 1000ns
xsim: Time (s): cpu = 00:00:06 ; elapsed = 00:00:05 . Memory (MB): peak = 2855.277 ; gain = 16.164
INFO: [USF-XSim-96] XSim completed. Design snapshot 'tb_counter_led_0_behav' loaded.
INFO: [USF-XSim-97] XSim simulation ran for 1000ns
launch_simulation: Time (s): cpu = 00:00:08 ; elapsed = 00:00:20 . Memory (MB): peak = 2855.277 ; gain = 30.309
update_compile_order -fileset sim_1
run all
run: Time (s): cpu = 00:03:14 ; elapsed = 00:03:16 . Memory (MB): peak = 2867.180 ; gain = 11.902
close_sim
INFO: [Simtcl 6-16] Simulation closed
launch_simulation
Command: launch_simulation 
INFO: [Vivado 12-12493] Simulation top is 'tb_counter_led_0'
INFO: [Vivado 12-5682] Launching behavioral simulation in 'D:/OneDrive - zju.edu.cn/fpga/learn/led_counter_0/led_counter_0.sim/sim_1/behav/xsim'
INFO: [SIM-utils-51] Simulation object is 'sim_1'
INFO: [SIM-utils-72] Using boost library from 'C:/Xilinx2021/Vivado/2021.1/tps/boost_1_72_0'
INFO: [SIM-utils-54] Inspecting design source files for 'tb_counter_led_0' in fileset 'sim_1'...
INFO: [USF-XSim-97] Finding global include files...
INFO: [USF-XSim-98] Fetching design files from 'sim_1'...
INFO: [USF-XSim-2] XSim::Compile design
INFO: [USF-XSim-61] Executing 'COMPILE and ANALYZE' step in 'D:/OneDrive - zju.edu.cn/fpga/learn/led_counter_0/led_counter_0.sim/sim_1/behav/xsim'
"xvlog --incr --relax -prj tb_counter_led_0_vlog.prj"
INFO: [VRFC 10-2263] Analyzing Verilog file "D:/OneDrive - zju.edu.cn/fpga/learn/led_counter_0/led_counter_0.srcs/sim_1/new/tb_counter_led_0.v" into library xil_defaultlib
INFO: [VRFC 10-311] analyzing module tb_counter_led_0
ERROR: [VRFC 10-4982] syntax error near '=' [D:/OneDrive - zju.edu.cn/fpga/learn/led_counter_0/led_counter_0.srcs/sim_1/new/tb_counter_led_0.v:13]
ERROR: [VRFC 10-2939] 'counter_led_0' is an unknown type [D:/OneDrive - zju.edu.cn/fpga/learn/led_counter_0/led_counter_0.srcs/sim_1/new/tb_counter_led_0.v:11]
ERROR: [VRFC 10-2865] module 'tb_counter_led_0' ignored due to previous errors [D:/OneDrive - zju.edu.cn/fpga/learn/led_counter_0/led_counter_0.srcs/sim_1/new/tb_counter_led_0.v:3]
INFO: [USF-XSim-69] 'compile' step finished in '3' seconds
INFO: [USF-XSim-99] Step results log file:'D:/OneDrive - zju.edu.cn/fpga/learn/led_counter_0/led_counter_0.sim/sim_1/behav/xsim/xvlog.log'
ERROR: [USF-XSim-62] 'compile' step failed with error(s). Please check the Tcl console output or 'D:/OneDrive - zju.edu.cn/fpga/learn/led_counter_0/led_counter_0.sim/sim_1/behav/xsim/xvlog.log' file for more information.
ERROR: [Vivado 12-4473] Detected error while running simulation. Please correct the issue and retry this operation.
ERROR: [Common 17-39] 'launch_simulation' failed due to earlier errors.
launch_simulation
Command: launch_simulation 
INFO: [Vivado 12-12493] Simulation top is 'tb_counter_led_0'
INFO: [Vivado 12-5682] Launching behavioral simulation in 'D:/OneDrive - zju.edu.cn/fpga/learn/led_counter_0/led_counter_0.sim/sim_1/behav/xsim'
INFO: [SIM-utils-51] Simulation object is 'sim_1'
INFO: [SIM-utils-72] Using boost library from 'C:/Xilinx2021/Vivado/2021.1/tps/boost_1_72_0'
INFO: [SIM-utils-54] Inspecting design source files for 'tb_counter_led_0' in fileset 'sim_1'...
INFO: [USF-XSim-97] Finding global include files...
INFO: [USF-XSim-98] Fetching design files from 'sim_1'...
INFO: [USF-XSim-2] XSim::Compile design
INFO: [USF-XSim-61] Executing 'COMPILE and ANALYZE' step in 'D:/OneDrive - zju.edu.cn/fpga/learn/led_counter_0/led_counter_0.sim/sim_1/behav/xsim'
"xvlog --incr --relax -prj tb_counter_led_0_vlog.prj"
INFO: [VRFC 10-2263] Analyzing Verilog file "D:/OneDrive - zju.edu.cn/fpga/learn/led_counter_0/led_counter_0.srcs/sources_1/new/counter_led_0.v" into library xil_defaultlib
INFO: [VRFC 10-311] analyzing module counter_led_0
INFO: [VRFC 10-2263] Analyzing Verilog file "D:/OneDrive - zju.edu.cn/fpga/learn/led_counter_0/led_counter_0.srcs/sim_1/new/tb_counter_led_0.v" into library xil_defaultlib
INFO: [VRFC 10-311] analyzing module tb_counter_led_0
INFO: [USF-XSim-69] 'compile' step finished in '2' seconds
INFO: [USF-XSim-3] XSim::Elaborate design
INFO: [USF-XSim-61] Executing 'ELABORATE' step in 'D:/OneDrive - zju.edu.cn/fpga/learn/led_counter_0/led_counter_0.sim/sim_1/behav/xsim'
"xelab -wto b6d38d8b9ceb49379b21e9b11e289fca --incr --debug typical --relax --mt 2 -L xil_defaultlib -L unisims_ver -L unimacro_ver -L secureip --snapshot tb_counter_led_0_behav xil_defaultlib.tb_counter_led_0 xil_defaultlib.glbl -log elaborate.log"
Vivado Simulator v2021.1
Copyright 1986-1999, 2001-2021 Xilinx, Inc. All Rights Reserved.
Running: C:/Xilinx2021/Vivado/2021.1/bin/unwrapped/win64.o/xelab.exe -wto b6d38d8b9ceb49379b21e9b11e289fca --incr --debug typical --relax --mt 2 -L xil_defaultlib -L unisims_ver -L unimacro_ver -L secureip --snapshot tb_counter_led_0_behav xil_defaultlib.tb_counter_led_0 xil_defaultlib.glbl -log elaborate.log 
Using 2 slave threads.
WARNING: [XSIM 43-3431] One or more environment variables have been detected which affect the operation of the C compiler. These are typically not set in standard installations and are not tested by Xilinx, however they may be appropriate for your system, so the flow will attempt to continue.  If errors occur, try running xelab with the "-mt off -v 1" switches to see more information from the C compiler. The following environment variables have been detected:
    C_INCLUDE_PATH
    LIBRARY_PATH
Starting static elaboration
Pass Through NonSizing Optimizer
Completed static elaboration
Starting simulation data flow analysis
WARNING: [XSIM 43-4099] "D:/OneDrive - zju.edu.cn/fpga/learn/led_counter_0/led_counter_0.srcs/sources_1/new/counter_led_0.v" Line 1. Module counter_led_0(MCNT=50000) doesn't have a timescale but at least one module in design has a timescale.
WARNING: [XSIM 43-4099] "D:/OneDrive - zju.edu.cn/fpga/learn/led_counter_0/led_counter_0.srcs/sources_1/new/counter_led_0.v" Line 1. Module counter_led_0(MCNT=50000) doesn't have a timescale but at least one module in design has a timescale.
Completed simulation data flow analysis
Time Resolution for simulation is 1ps
Compiling module xil_defaultlib.counter_led_0(MCNT=50000)
Compiling module xil_defaultlib.tb_counter_led_0
Compiling module xil_defaultlib.glbl
Built simulation snapshot tb_counter_led_0_behav
INFO: [USF-XSim-69] 'elaborate' step finished in '3' seconds
INFO: [USF-XSim-4] XSim::Simulate design
INFO: [USF-XSim-61] Executing 'SIMULATE' step in 'D:/OneDrive - zju.edu.cn/fpga/learn/led_counter_0/led_counter_0.sim/sim_1/behav/xsim'
INFO: [USF-XSim-98] *** Running xsim
   with args "tb_counter_led_0_behav -key {Behavioral:sim_1:Functional:tb_counter_led_0} -tclbatch {tb_counter_led_0.tcl} -log {simulate.log}"
INFO: [USF-XSim-8] Loading simulator feature
Time resolution is 1 ps
source tb_counter_led_0.tcl
# set curr_wave [current_wave_config]
# if { [string length $curr_wave] == 0 } {
#   if { [llength [get_objects]] > 0} {
#     add_wave /
#     set_property needs_save false [current_wave_config]
#   } else {
#      send_msg_id Add_Wave-1 WARNING "No top level signals found. Simulator will start without a wave window. If you want to open a wave window go to 'File->New Waveform Configuration' or type 'create_wave_config' in the TCL console."
#   }
# }
# run 1000ns
INFO: [USF-XSim-96] XSim completed. Design snapshot 'tb_counter_led_0_behav' loaded.
INFO: [USF-XSim-97] XSim simulation ran for 1000ns
launch_simulation: Time (s): cpu = 00:00:02 ; elapsed = 00:00:08 . Memory (MB): peak = 2867.180 ; gain = 0.000
run all
run: Time (s): cpu = 00:00:32 ; elapsed = 00:00:26 . Memory (MB): peak = 2870.773 ; gain = 3.594
close_sim
INFO: [Simtcl 6-16] Simulation closed
reset_run synth_1
launch_runs impl_1 -jobs 8
[Sun Oct  1 15:06:24 2023] Launched synth_1...
Run output will be captured here: D:/OneDrive - zju.edu.cn/fpga/learn/led_counter_0/led_counter_0.runs/synth_1/runme.log
[Sun Oct  1 15:06:24 2023] Launched impl_1...
Run output will be captured here: D:/OneDrive - zju.edu.cn/fpga/learn/led_counter_0/led_counter_0.runs/impl_1/runme.log
set_property SOURCE_SET sources_1 [get_filesets sim_1]
close [ open {D:/OneDrive - zju.edu.cn/fpga/learn/led_counter_0/led_counter_0.srcs/sim_1/new/counter_led_1.v} w ]
add_files -fileset sim_1 {{D:/OneDrive - zju.edu.cn/fpga/learn/led_counter_0/led_counter_0.srcs/sim_1/new/counter_led_1.v}}
update_compile_order -fileset sim_1
launch_runs impl_1 -to_step write_bitstream -jobs 8
[Sun Oct  1 15:08:12 2023] Launched impl_1...
Run output will be captured here: D:/OneDrive - zju.edu.cn/fpga/learn/led_counter_0/led_counter_0.runs/impl_1/runme.log
export_ip_user_files -of_objects  [get_files {{D:/OneDrive - zju.edu.cn/fpga/learn/led_counter_0/led_counter_0.srcs/sim_1/new/counter_led_1.v}}] -no_script -reset -force -quiet
remove_files  -fileset sim_1 {{D:/OneDrive - zju.edu.cn/fpga/learn/led_counter_0/led_counter_0.srcs/sim_1/new/counter_led_1.v}}
open_run impl_1
INFO: [Device 21-403] Loading part xc7a100tfgg484-2
Netlist sorting complete. Time (s): cpu = 00:00:00 ; elapsed = 00:00:00.001 . Memory (MB): peak = 3149.266 ; gain = 0.000
INFO: [Netlist 29-17] Analyzing 7 Unisim elements for replacement
INFO: [Netlist 29-28] Unisim Transformation completed in 0 CPU seconds
INFO: [Project 1-479] Netlist was created with Vivado 2021.1
INFO: [Project 1-570] Preparing netlist for logic optimization
Reading XDEF placement.
Reading placer database...
Reading XDEF routing.
Read XDEF File: Time (s): cpu = 00:00:00 ; elapsed = 00:00:00.035 . Memory (MB): peak = 3238.504 ; gain = 0.465
Restored from archive | CPU: 0.000000 secs | Memory: 0.000000 MB |
Finished XDEF File Restore: Time (s): cpu = 00:00:00 ; elapsed = 00:00:00.036 . Memory (MB): peak = 3238.504 ; gain = 0.465
Netlist sorting complete. Time (s): cpu = 00:00:00 ; elapsed = 00:00:00 . Memory (MB): peak = 3650.746 ; gain = 0.000
INFO: [Project 1-111] Unisim Transformation Summary:
No Unisim elements were transformed.

open_run: Time (s): cpu = 00:00:15 ; elapsed = 00:00:12 . Memory (MB): peak = 3766.762 ; gain = 895.988
WARNING: [Timing 38-313] There are no user specified timing constraints. Timing constraints are needed for proper timing analysis.
set_property IOSTANDARD LVCMOS33 [get_ports [list Clk]]
set_property IOSTANDARD LVCMOS33 [get_ports [list Clk]]
set_property IOSTANDARD LVCMOS33 [get_ports [list Led]]
set_property IOSTANDARD LVCMOS33 [get_ports [list Reset_n]]
place_ports Reset_n R14
place_ports Clk V4
place_ports Led D22
file mkdir {D:/OneDrive - zju.edu.cn/fpga/learn/led_counter_0/led_counter_0.srcs/constrs_1/new}
close [ open {D:/OneDrive - zju.edu.cn/fpga/learn/led_counter_0/led_counter_0.srcs/constrs_1/new/led_counter_0.xdc} w ]
add_files -fileset constrs_1 {{D:/OneDrive - zju.edu.cn/fpga/learn/led_counter_0/led_counter_0.srcs/constrs_1/new/led_counter_0.xdc}}
set_property target_constrs_file {D:/OneDrive - zju.edu.cn/fpga/learn/led_counter_0/led_counter_0.srcs/constrs_1/new/led_counter_0.xdc} [current_fileset -constrset]
save_constraints -force
reset_run synth_1
launch_runs impl_1 -to_step write_bitstream -jobs 8
[Sun Oct  1 15:12:37 2023] Launched synth_1...
Run output will be captured here: D:/OneDrive - zju.edu.cn/fpga/learn/led_counter_0/led_counter_0.runs/synth_1/runme.log
[Sun Oct  1 15:12:37 2023] Launched impl_1...
Run output will be captured here: D:/OneDrive - zju.edu.cn/fpga/learn/led_counter_0/led_counter_0.runs/impl_1/runme.log
open_hw_manager
connect_hw_server -allow_non_jtag
INFO: [Labtools 27-2285] Connecting to hw_server url TCP:localhost:3121
INFO: [Labtools 27-2222] Launching hw_server...
INFO: [Labtools 27-2221] Launch Output:

****** Xilinx hw_server v2021.1
  **** Build date : Jun 10 2021 at 20:17:23
    ** Copyright 1986-2021 Xilinx, Inc. All Rights Reserved.


INFO: [Labtools 27-3415] Connecting to cs_server url TCP:localhost:3042
INFO: [Labtools 27-3417] Launching cs_server...
INFO: [Labtools 27-2221] Launch Output:


******** Xilinx cs_server v2021.1
  ****** Build date   : May 27 2021-01:32:33
    **** Build number : 2021.1.1622050353
      ** Copyright 2017-2023 Xilinx, Inc. All Rights Reserved.



connect_hw_server: Time (s): cpu = 00:00:01 ; elapsed = 00:00:16 . Memory (MB): peak = 3845.262 ; gain = 0.000
open_hw_target
INFO: [Labtoolstcl 44-466] Opening hw_target localhost:3121/xilinx_tcf/Digilent/26CB7BF98871
set_property PROGRAM.FILE {D:/OneDrive - zju.edu.cn/fpga/learn/led_counter_0/led_counter_0.runs/impl_1/counter_led_0.bit} [get_hw_devices xc7a100t_0]
current_hw_device [get_hw_devices xc7a100t_0]
refresh_hw_device -update_hw_probes false [lindex [get_hw_devices xc7a100t_0] 0]
INFO: [Labtools 27-1434] Device xc7a100t (JTAG device index = 0) is programmed with a design that has no supported debug core(s) in it.
set_property PROBES.FILE {} [get_hw_devices xc7a100t_0]
set_property FULL_PROBES.FILE {} [get_hw_devices xc7a100t_0]
set_property PROGRAM.FILE {D:/OneDrive - zju.edu.cn/fpga/learn/led_counter_0/led_counter_0.runs/impl_1/counter_led_0.bit} [get_hw_devices xc7a100t_0]
program_hw_devices [get_hw_devices xc7a100t_0]
INFO: [Labtools 27-3164] End of startup status: HIGH
refresh_hw_device [lindex [get_hw_devices xc7a100t_0] 0]
INFO: [Labtools 27-1434] Device xc7a100t (JTAG device index = 0) is programmed with a design that has no supported debug core(s) in it.
create_hw_cfgmem -hw_device [lindex [get_hw_devices xc7a100t_0] 0] [lindex [get_cfgmem_parts {mt25ql128-spi-x1_x2_x4}] 0]
get_cfgmem_parts: Time (s): cpu = 00:00:01 ; elapsed = 00:00:10 . Memory (MB): peak = 3859.461 ; gain = 0.000
set_property PROGRAM.BLANK_CHECK  0 [ get_property PROGRAM.HW_CFGMEM [lindex [get_hw_devices xc7a100t_0] 0]]
set_property PROGRAM.ERASE  1 [ get_property PROGRAM.HW_CFGMEM [lindex [get_hw_devices xc7a100t_0] 0]]
set_property PROGRAM.CFG_PROGRAM  1 [ get_property PROGRAM.HW_CFGMEM [lindex [get_hw_devices xc7a100t_0] 0]]
set_property PROGRAM.VERIFY  1 [ get_property PROGRAM.HW_CFGMEM [lindex [get_hw_devices xc7a100t_0] 0]]
set_property PROGRAM.CHECKSUM  0 [ get_property PROGRAM.HW_CFGMEM [lindex [get_hw_devices xc7a100t_0] 0]]
refresh_hw_device [lindex [get_hw_devices xc7a100t_0] 0]
INFO: [Labtools 27-1434] Device xc7a100t (JTAG device index = 0) is programmed with a design that has no supported debug core(s) in it.
set_property STEPS.WRITE_BITSTREAM.ARGS.BIN_FILE true [get_runs impl_1]
reset_run impl_1 -prev_step 
launch_runs impl_1 -to_step write_bitstream -jobs 8
[Sun Oct  1 15:18:19 2023] Launched impl_1...
Run output will be captured here: D:/OneDrive - zju.edu.cn/fpga/learn/led_counter_0/led_counter_0.runs/impl_1/runme.log
set_property PROGRAM.ADDRESS_RANGE  {entire_device} [ get_property PROGRAM.HW_CFGMEM [lindex [get_hw_devices xc7a100t_0] 0]]
set_property PROGRAM.FILES [list "D:/OneDrive - zju.edu.cn/fpga/learn/led_counter_0/led_counter_0.runs/impl_1/counter_led_0.bin" ] [ get_property PROGRAM.HW_CFGMEM [lindex [get_hw_devices xc7a100t_0] 0]]
set_property PROGRAM.PRM_FILE {} [ get_property PROGRAM.HW_CFGMEM [lindex [get_hw_devices xc7a100t_0] 0]]
set_property PROGRAM.UNUSED_PIN_TERMINATION {pull-none} [ get_property PROGRAM.HW_CFGMEM [lindex [get_hw_devices xc7a100t_0] 0]]
set_property PROGRAM.BLANK_CHECK  0 [ get_property PROGRAM.HW_CFGMEM [lindex [get_hw_devices xc7a100t_0] 0]]
set_property PROGRAM.ERASE  1 [ get_property PROGRAM.HW_CFGMEM [lindex [get_hw_devices xc7a100t_0] 0]]
set_property PROGRAM.CFG_PROGRAM  1 [ get_property PROGRAM.HW_CFGMEM [lindex [get_hw_devices xc7a100t_0] 0]]
set_property PROGRAM.VERIFY  1 [ get_property PROGRAM.HW_CFGMEM [lindex [get_hw_devices xc7a100t_0] 0]]
set_property PROGRAM.CHECKSUM  0 [ get_property PROGRAM.HW_CFGMEM [lindex [get_hw_devices xc7a100t_0] 0]]
startgroup 
create_hw_bitstream -hw_device [lindex [get_hw_devices xc7a100t_0] 0] [get_property PROGRAM.HW_CFGMEM_BITFILE [ lindex [get_hw_devices xc7a100t_0] 0]]; program_hw_devices [lindex [get_hw_devices xc7a100t_0] 0]; refresh_hw_device [lindex [get_hw_devices xc7a100t_0] 0];
INFO: [Labtools 27-3164] End of startup status: HIGH
INFO: [Labtools 27-2302] Device xc7a100t (JTAG device index = 0) is programmed with a design that has 1 SPI core(s).
program_hw_cfgmem -hw_cfgmem [ get_property PROGRAM.HW_CFGMEM [lindex [get_hw_devices xc7a100t_0] 0]]
INFO: [Xicom 50-104] The verify operation will only be performed on the address range specified by the Memory Configuration File (MCS).
Mfg ID : 20   Memory Type : ba   Memory Capacity : 18   Device ID 1 : 0   Device ID 2 : 0
Performing Erase Operation...
Erase Operation successful.
Performing Program and Verify Operations...
Program/Verify Operation successful.
INFO: [Labtoolstcl 44-377] Flash programming completed successfully
program_hw_cfgmem: Time (s): cpu = 00:00:03 ; elapsed = 00:01:24 . Memory (MB): peak = 3906.469 ; gain = 38.879
endgroup
ERROR: [Labtoolstcl 44-513] HW Target shutdown. Closing target: localhost:3121/xilinx_tcf/Digilent/26CB7BF98871
exit
INFO: [Common 17-206] Exiting Vivado at Sun Oct  1 15:23:50 2023...
