#-----------------------------------------------------------
# Vivado v2021.1 (64-bit)
# SW Build 3247384 on Thu Jun 10 19:36:33 MDT 2021
# IP Build 3246043 on Fri Jun 11 00:30:35 MDT 2021
# Start of session at: Mon Oct  2 14:42:49 2023
# Process ID: 21244
# Current directory: D:/OneDrive - zju.edu.cn/fpga/learn/led_counter_0
# Command line: vivado.exe -gui_launcher_event rodinguilauncherevent20904 D:\OneDrive - zju.edu.cn\fpga\learn\led_counter_0\led_counter_0.xpr
# Log file: D:/OneDrive - zju.edu.cn/fpga/learn/led_counter_0/vivado.log
# Journal file: D:/OneDrive - zju.edu.cn/fpga/learn/led_counter_0\vivado.jou
#-----------------------------------------------------------
start_gui
open_project {D:/OneDrive - zju.edu.cn/fpga/learn/led_counter_0/led_counter_0.xpr}
WARNING: [filemgmt 56-3] Default IP Output Path : Could not find the directory 'D:/OneDrive - zju.edu.cn/fpga/learn/led_counter_0/led_counter_0.gen/sources_1'.
Scanning sources...
Finished scanning sources
INFO: [IP_Flow 19-234] Refreshing IP repositories
INFO: [IP_Flow 19-1704] No user IP repositories specified
INFO: [IP_Flow 19-2313] Loaded Vivado IP repository 'C:/Xilinx2021/Vivado/2021.1/data/ip'.
open_project: Time (s): cpu = 00:00:20 ; elapsed = 00:00:08 . Memory (MB): peak = 1136.422 ; gain = 0.000
update_compile_order -fileset sources_1
reset_project
