#-----------------------------------------------------------
# Vivado v2021.1 (64-bit)
# SW Build 3247384 on Thu Jun 10 19:36:33 MDT 2021
# IP Build 3246043 on Fri Jun 11 00:30:35 MDT 2021
# Start of session at: Mon Oct  2 14:31:56 2023
# Process ID: 9556
# Current directory: D:/OneDrive - zju.edu.cn/fpga/learn/run_led
# Command line: vivado.exe -gui_launcher_event rodinguilauncherevent8864 D:\OneDrive - zju.edu.cn\fpga\learn\run_led\run_led.xpr
# Log file: D:/OneDrive - zju.edu.cn/fpga/learn/run_led/vivado.log
# Journal file: D:/OneDrive - zju.edu.cn/fpga/learn/run_led\vivado.jou
#-----------------------------------------------------------
start_gui
open_project {D:/OneDrive - zju.edu.cn/fpga/learn/run_led/run_led.xpr}
WARNING: [filemgmt 56-3] Default IP Output Path : Could not find the directory 'D:/OneDrive - zju.edu.cn/fpga/learn/run_led/run_led.gen/sources_1'.
Scanning sources...
Finished scanning sources
INFO: [IP_Flow 19-234] Refreshing IP repositories
INFO: [IP_Flow 19-1704] No user IP repositories specified
INFO: [IP_Flow 19-2313] Loaded Vivado IP repository 'C:/Xilinx2021/Vivado/2021.1/data/ip'.
open_project: Time (s): cpu = 00:00:20 ; elapsed = 00:00:10 . Memory (MB): peak = 1136.211 ; gain = 0.000
update_compile_order -fileset sources_1
reset_project
write_project_tcl -all_properties -use_bd_files {D:/OneDrive - zju.edu.cn/fpga/learn/run_led/run_led.tcl}
INFO: [Vivado-projutils-8] Tcl script 'run_led.tcl' generated in output directory 'D:/OneDrive - zju.edu.cn/fpga/learn/run_led'

INFO: [Vivado-projutils-15] Please note that by default, the file path for the project source files were set wth respect to the 'origin_dir' variable in the
 generated script. When this script is executed from the output directory, these source files will be referenced with respect to this 'origin_dir' path value.
 In case this script was later moved to a different directory, the 'origin_dir' value must be set manually in the script with the path
 relative to the new output directory to make sure that the source files are referenced correctly from the original project. You can also set the
 'origin_dir' automatically by setting the 'origin_dir_loc' variable in the tcl shell before sourcing this generated script. The 'origin_dir_loc'
 variable should be set to the path relative to the new output directory. Alternatively, if you are sourcing the script from the Vivado command line,
 then set the origin dir using '-tclargs --origin_dir <path>'. For example, 'vivado -mode tcl -source run_led.tcl -tclargs --origin_dir ".."

WARNING: [Vivado-projutils-10] Found source(s) that were local or imported into the project. If this project is being source controlled, then
 please ensure that the project source(s) are also part of this source controlled data. The list of these local source(s) can be found in the generated script
 under the header section.

cd D:\OneDrive - zju.edu.cn\fpga\learn\run_led
wrong # args: should be "cd ?dirName?"
cd D:/OneDrive - zju.edu.cn/fpga/learn/run_led
wrong # args: should be "cd ?dirName?"
ls
ambiguous command name "ls": lsearch lset lsort
source run_led.tcl
# proc checkRequiredFiles { origin_dir} {
#   set status true
#   set files [list \
#  "[file normalize "$origin_dir/run_led.srcs/sources_1/new/decoder_3_8.v"]"\
#  "[file normalize "$origin_dir/run_led.srcs/sources_1/new/run_led_2.v"]"\
#  "[file normalize "$origin_dir/run_led.srcs/sources_1/new/run_led_1.v"]"\
#  "[file normalize "$origin_dir/run_led.srcs/sources_1/new/run_led.v"]"\
#  "[file normalize "$origin_dir/run_led.srcs/sources_1/new/run_led_3.v"]"\
#  "[file normalize "$origin_dir/run_led.srcs/constrs_1/new/run_led.xdc"]"\
#  "[file normalize "$origin_dir/run_led.srcs/sim_1/new/tb_run_led.v"]"\
#   ]
#   foreach ifile $files {
#     if { ![file isfile $ifile] } {
#       puts " Could not find local file $ifile "
#       set status false
#     }
#   }
# 
#   return $status
# }
# set origin_dir "."
# if { [info exists ::origin_dir_loc] } {
#   set origin_dir $::origin_dir_loc
# }
# set _xil_proj_name_ "run_led"
# if { [info exists ::user_project_name] } {
#   set _xil_proj_name_ $::user_project_name
# }
# variable script_file
# set script_file "run_led.tcl"
# proc print_help {} {
#   variable script_file
#   puts "\nDescription:"
#   puts "Recreate a Vivado project from this script. The created project will be"
#   puts "functionally equivalent to the original project for which this script was"
#   puts "generated. The script contains commands for creating a project, filesets,"
#   puts "runs, adding/importing sources and setting properties on various objects.\n"
#   puts "Syntax:"
#   puts "$script_file"
#   puts "$script_file -tclargs \[--origin_dir <path>\]"
#   puts "$script_file -tclargs \[--project_name <name>\]"
#   puts "$script_file -tclargs \[--help\]\n"
#   puts "Usage:"
#   puts "Name                   Description"
#   puts "-------------------------------------------------------------------------"
#   puts "\[--origin_dir <path>\]  Determine source file paths wrt this path. Default"
#   puts "                       origin_dir path value is \".\", otherwise, the value"
#   puts "                       that was set with the \"-paths_relative_to\" switch"
#   puts "                       when this script was generated.\n"
#   puts "\[--project_name <name>\] Create project with the specified name. Default"
#   puts "                       name is the name of the project from where this"
#   puts "                       script was generated.\n"
#   puts "\[--help\]               Print help information for this script"
#   puts "-------------------------------------------------------------------------\n"
#   exit 0
# }
# if { $::argc > 0 } {
#   for {set i 0} {$i < $::argc} {incr i} {
#     set option [string trim [lindex $::argv $i]]
#     switch -regexp -- $option {
#       "--origin_dir"   { incr i; set origin_dir [lindex $::argv $i] }
#       "--project_name" { incr i; set _xil_proj_name_ [lindex $::argv $i] }
#       "--help"         { print_help }
#       default {
#         if { [regexp {^-} $option] } {
#           puts "ERROR: Unknown option '$option' specified, please type '$script_file -tclargs --help' for usage info.\n"
#           return 1
#         }
#       }
#     }
#   }
# }
# set orig_proj_dir "[file normalize "$origin_dir/"]"
# set validate_required 0
# if { $validate_required } {
#   if { [checkRequiredFiles $origin_dir] } {
#     puts "Tcl file $script_file is valid. All files required for project creation is accesable. "
#   } else {
#     puts "Tcl file $script_file is not valid. Not all files required for project creation is accesable. "
#     return
#   }
# }
# create_project ${_xil_proj_name_} ./${_xil_proj_name_} -part xc7a100tfgg484-2
INFO: [IP_Flow 19-234] Refreshing IP repositories
INFO: [IP_Flow 19-1704] No user IP repositories specified
INFO: [IP_Flow 19-2313] Loaded Vivado IP repository 'C:/Xilinx2021/Vivado/2021.1/data/ip'.
create_project: Time (s): cpu = 00:00:09 ; elapsed = 00:00:06 . Memory (MB): peak = 1136.211 ; gain = 0.000
# set proj_dir [get_property directory [current_project]]
# set obj [current_project]
# set_property -name "board_part" -value "" -objects $obj
# set_property -name "classic_soc_boot" -value "0" -objects $obj
# set_property -name "compxlib.activehdl_compiled_library_dir" -value "$proj_dir/${_xil_proj_name_}.cache/compile_simlib/activehdl" -objects $obj
# set_property -name "compxlib.funcsim" -value "1" -objects $obj
# set_property -name "compxlib.ies_compiled_library_dir" -value "$proj_dir/${_xil_proj_name_}.cache/compile_simlib/ies" -objects $obj
# set_property -name "compxlib.modelsim_compiled_library_dir" -value "$proj_dir/${_xil_proj_name_}.cache/compile_simlib/modelsim" -objects $obj
# set_property -name "compxlib.overwrite_libs" -value "0" -objects $obj
# set_property -name "compxlib.questa_compiled_library_dir" -value "$proj_dir/${_xil_proj_name_}.cache/compile_simlib/questa" -objects $obj
# set_property -name "compxlib.riviera_compiled_library_dir" -value "$proj_dir/${_xil_proj_name_}.cache/compile_simlib/riviera" -objects $obj
# set_property -name "compxlib.timesim" -value "1" -objects $obj
# set_property -name "compxlib.vcs_compiled_library_dir" -value "$proj_dir/${_xil_proj_name_}.cache/compile_simlib/vcs" -objects $obj
# set_property -name "compxlib.xsim_compiled_library_dir" -value "" -objects $obj
# set_property -name "corecontainer.enable" -value "0" -objects $obj
# set_property -name "default_lib" -value "xil_defaultlib" -objects $obj
# set_property -name "enable_optional_runs_sta" -value "0" -objects $obj
# set_property -name "enable_vhdl_2008" -value "1" -objects $obj
# set_property -name "generate_ip_upgrade_log" -value "1" -objects $obj
# set_property -name "ip_cache_permissions" -value "read write" -objects $obj
# set_property -name "ip_interface_inference_priority" -value "" -objects $obj
# set_property -name "ip_output_repo" -value "$proj_dir/${_xil_proj_name_}.cache/ip" -objects $obj
# set_property -name "legacy_ip_repo_paths" -value "" -objects $obj
# set_property -name "mem.enable_memory_map_generation" -value "1" -objects $obj
# set_property -name "part" -value "xc7a100tfgg484-2" -objects $obj
# set_property -name "platform.default_output_type" -value "undefined" -objects $obj
# set_property -name "platform.design_intent.datacenter" -value "undefined" -objects $obj
# set_property -name "platform.design_intent.embedded" -value "undefined" -objects $obj
# set_property -name "platform.design_intent.external_host" -value "undefined" -objects $obj
# set_property -name "platform.design_intent.server_managed" -value "undefined" -objects $obj
# set_property -name "platform.rom.debug_type" -value "0" -objects $obj
# set_property -name "platform.rom.prom_type" -value "0" -objects $obj
# set_property -name "platform.slrconstraintmode" -value "0" -objects $obj
# set_property -name "preferred_sim_model" -value "rtl" -objects $obj
# set_property -name "project_type" -value "Default" -objects $obj
# set_property -name "pr_flow" -value "0" -objects $obj
# set_property -name "revised_directory_structure" -value "1" -objects $obj
# set_property -name "sim.central_dir" -value "$proj_dir/${_xil_proj_name_}.ip_user_files" -objects $obj
# set_property -name "sim.ip.auto_export_scripts" -value "1" -objects $obj
# set_property -name "sim.use_ip_compiled_libs" -value "1" -objects $obj
# set_property -name "simulator.activehdl_gcc_install_dir" -value "" -objects $obj
# set_property -name "simulator.activehdl_install_dir" -value "" -objects $obj
# set_property -name "simulator.ies_gcc_install_dir" -value "" -objects $obj
# set_property -name "simulator.ies_install_dir" -value "" -objects $obj
# set_property -name "simulator.modelsim_gcc_install_dir" -value "" -objects $obj
# set_property -name "simulator.modelsim_install_dir" -value "" -objects $obj
# set_property -name "simulator.questa_gcc_install_dir" -value "" -objects $obj
# set_property -name "simulator.questa_install_dir" -value "" -objects $obj
# set_property -name "simulator.riviera_gcc_install_dir" -value "" -objects $obj
# set_property -name "simulator.riviera_install_dir" -value "" -objects $obj
# set_property -name "simulator.vcs_gcc_install_dir" -value "" -objects $obj
# set_property -name "simulator.vcs_install_dir" -value "" -objects $obj
# set_property -name "simulator.xcelium_gcc_install_dir" -value "" -objects $obj
# set_property -name "simulator.xcelium_install_dir" -value "" -objects $obj
# set_property -name "simulator_language" -value "Mixed" -objects $obj
# set_property -name "source_mgmt_mode" -value "All" -objects $obj
# set_property -name "target_language" -value "Verilog" -objects $obj
# set_property -name "target_simulator" -value "XSim" -objects $obj
# set_property -name "tool_flow" -value "Vivado" -objects $obj
# set_property -name "webtalk.xsim_launch_sim" -value "13" -objects $obj
# set_property -name "xpm_libraries" -value "" -objects $obj
# set_property -name "xsim.array_display_limit" -value "1024" -objects $obj
# set_property -name "xsim.radix" -value "hex" -objects $obj
# set_property -name "xsim.time_unit" -value "ns" -objects $obj
# set_property -name "xsim.trace_limit" -value "65536" -objects $obj
# if {[string equal [get_filesets -quiet sources_1] ""]} {
#   create_fileset -srcset sources_1
# }
# set obj [get_filesets sources_1]
# set files [list \
#  [file normalize "${origin_dir}/run_led.srcs/sources_1/new/decoder_3_8.v" ]\
#  [file normalize "${origin_dir}/run_led.srcs/sources_1/new/run_led_2.v" ]\
#  [file normalize "${origin_dir}/run_led.srcs/sources_1/new/run_led_1.v" ]\
#  [file normalize "${origin_dir}/run_led.srcs/sources_1/new/run_led.v" ]\
#  [file normalize "${origin_dir}/run_led.srcs/sources_1/new/run_led_3.v" ]\
# ]
# set imported_files [import_files -fileset sources_1 $files]
# set file "new/decoder_3_8.v"
# set file_obj [get_files -of_objects [get_filesets sources_1] [list "*$file"]]
# set_property -name "file_type" -value "Verilog" -objects $file_obj
# set_property -name "is_enabled" -value "1" -objects $file_obj
# set_property -name "is_global_include" -value "0" -objects $file_obj
# set_property -name "library" -value "xil_defaultlib" -objects $file_obj
# set_property -name "path_mode" -value "RelativeFirst" -objects $file_obj
# set_property -name "used_in" -value "synthesis implementation simulation" -objects $file_obj
# set_property -name "used_in_implementation" -value "1" -objects $file_obj
# set_property -name "used_in_simulation" -value "1" -objects $file_obj
# set_property -name "used_in_synthesis" -value "1" -objects $file_obj
# set file "new/run_led_2.v"
# set file_obj [get_files -of_objects [get_filesets sources_1] [list "*$file"]]
# set_property -name "file_type" -value "Verilog" -objects $file_obj
# set_property -name "is_enabled" -value "1" -objects $file_obj
# set_property -name "is_global_include" -value "0" -objects $file_obj
# set_property -name "library" -value "xil_defaultlib" -objects $file_obj
# set_property -name "path_mode" -value "RelativeFirst" -objects $file_obj
# set_property -name "used_in" -value "synthesis implementation simulation" -objects $file_obj
# set_property -name "used_in_implementation" -value "1" -objects $file_obj
# set_property -name "used_in_simulation" -value "1" -objects $file_obj
# set_property -name "used_in_synthesis" -value "1" -objects $file_obj
# set file "new/run_led_1.v"
# set file_obj [get_files -of_objects [get_filesets sources_1] [list "*$file"]]
# set_property -name "file_type" -value "Verilog" -objects $file_obj
# set_property -name "is_enabled" -value "1" -objects $file_obj
# set_property -name "is_global_include" -value "0" -objects $file_obj
# set_property -name "library" -value "xil_defaultlib" -objects $file_obj
# set_property -name "path_mode" -value "RelativeFirst" -objects $file_obj
# set_property -name "used_in" -value "synthesis implementation simulation" -objects $file_obj
# set_property -name "used_in_implementation" -value "1" -objects $file_obj
# set_property -name "used_in_simulation" -value "1" -objects $file_obj
# set_property -name "used_in_synthesis" -value "1" -objects $file_obj
# set file "new/run_led.v"
# set file_obj [get_files -of_objects [get_filesets sources_1] [list "*$file"]]
# set_property -name "file_type" -value "Verilog" -objects $file_obj
# set_property -name "is_enabled" -value "1" -objects $file_obj
# set_property -name "is_global_include" -value "0" -objects $file_obj
# set_property -name "library" -value "xil_defaultlib" -objects $file_obj
# set_property -name "path_mode" -value "RelativeFirst" -objects $file_obj
# set_property -name "used_in" -value "synthesis implementation simulation" -objects $file_obj
# set_property -name "used_in_implementation" -value "1" -objects $file_obj
# set_property -name "used_in_simulation" -value "1" -objects $file_obj
# set_property -name "used_in_synthesis" -value "1" -objects $file_obj
# set file "new/run_led_3.v"
# set file_obj [get_files -of_objects [get_filesets sources_1] [list "*$file"]]
# set_property -name "file_type" -value "Verilog" -objects $file_obj
# set_property -name "is_enabled" -value "1" -objects $file_obj
# set_property -name "is_global_include" -value "0" -objects $file_obj
# set_property -name "library" -value "xil_defaultlib" -objects $file_obj
# set_property -name "path_mode" -value "RelativeFirst" -objects $file_obj
# set_property -name "used_in" -value "synthesis implementation simulation" -objects $file_obj
# set_property -name "used_in_implementation" -value "1" -objects $file_obj
# set_property -name "used_in_simulation" -value "1" -objects $file_obj
# set_property -name "used_in_synthesis" -value "1" -objects $file_obj
# set obj [get_filesets sources_1]
# set_property -name "design_mode" -value "RTL" -objects $obj
# set_property -name "edif_extra_search_paths" -value "" -objects $obj
# set_property -name "elab_link_dcps" -value "1" -objects $obj
# set_property -name "elab_load_timing_constraints" -value "1" -objects $obj
# set_property -name "generic" -value "" -objects $obj
# set_property -name "include_dirs" -value "" -objects $obj
# set_property -name "lib_map_file" -value "" -objects $obj
# set_property -name "loop_count" -value "1000" -objects $obj
# set_property -name "name" -value "sources_1" -objects $obj
# set_property -name "top" -value "run_led_2" -objects $obj
# set_property -name "verilog_define" -value "" -objects $obj
# set_property -name "verilog_uppercase" -value "0" -objects $obj
# set_property -name "verilog_version" -value "verilog_2001" -objects $obj
# set_property -name "vhdl_version" -value "vhdl_2k" -objects $obj
# if {[string equal [get_filesets -quiet constrs_1] ""]} {
#   create_fileset -constrset constrs_1
# }
# set obj [get_filesets constrs_1]
# set file "[file normalize "$origin_dir/run_led.srcs/constrs_1/new/run_led.xdc"]"
# set file_imported [import_files -fileset constrs_1 [list $file]]
# set file "new/run_led.xdc"
# set file_obj [get_files -of_objects [get_filesets constrs_1] [list "*$file"]]
# set_property -name "file_type" -value "XDC" -objects $file_obj
# set_property -name "is_enabled" -value "1" -objects $file_obj
# set_property -name "is_global_include" -value "0" -objects $file_obj
# set_property -name "library" -value "xil_defaultlib" -objects $file_obj
# set_property -name "path_mode" -value "RelativeFirst" -objects $file_obj
# set_property -name "processing_order" -value "NORMAL" -objects $file_obj
# set_property -name "scoped_to_cells" -value "" -objects $file_obj
# set_property -name "scoped_to_ref" -value "" -objects $file_obj
# set_property -name "used_in" -value "synthesis implementation" -objects $file_obj
# set_property -name "used_in_implementation" -value "1" -objects $file_obj
# set_property -name "used_in_synthesis" -value "1" -objects $file_obj
# set obj [get_filesets constrs_1]
# set_property -name "constrs_type" -value "XDC" -objects $obj
# set_property -name "name" -value "constrs_1" -objects $obj
# set_property -name "target_constrs_file" -value "[get_files *new/run_led.xdc]" -objects $obj
# set_property -name "target_part" -value "xc7a100tfgg484-2" -objects $obj
# set_property -name "target_ucf" -value "[get_files *new/run_led.xdc]" -objects $obj
# if {[string equal [get_filesets -quiet sim_1] ""]} {
#   create_fileset -simset sim_1
# }
# set obj [get_filesets sim_1]
# set files [list \
#  [file normalize "${origin_dir}/run_led.srcs/sim_1/new/tb_run_led.v" ]\
# ]
# set imported_files [import_files -fileset sim_1 $files]
# set file "new/tb_run_led.v"
# set file_obj [get_files -of_objects [get_filesets sim_1] [list "*$file"]]
# set_property -name "file_type" -value "Verilog" -objects $file_obj
# set_property -name "is_enabled" -value "1" -objects $file_obj
# set_property -name "is_global_include" -value "0" -objects $file_obj
# set_property -name "library" -value "xil_defaultlib" -objects $file_obj
# set_property -name "path_mode" -value "RelativeFirst" -objects $file_obj
# set_property -name "used_in" -value "synthesis implementation simulation" -objects $file_obj
# set_property -name "used_in_implementation" -value "1" -objects $file_obj
# set_property -name "used_in_simulation" -value "1" -objects $file_obj
# set_property -name "used_in_synthesis" -value "1" -objects $file_obj
# set obj [get_filesets sim_1]
# set_property -name "32bit" -value "0" -objects $obj
# set_property -name "force_compile_glbl" -value "0" -objects $obj
# set_property -name "force_no_compile_glbl" -value "0" -objects $obj
# set_property -name "generate_scripts_only" -value "0" -objects $obj
# set_property -name "generic" -value "" -objects $obj
# set_property -name "hbs.configure_design_for_hier_access" -value "1" -objects $obj
# set_property -name "hw_emu.debug_mode" -value "wdb" -objects $obj
# set_property -name "include_dirs" -value "" -objects $obj
# set_property -name "incremental" -value "1" -objects $obj
# set_property -name "name" -value "sim_1" -objects $obj
# set_property -name "nl.cell" -value "" -objects $obj
# set_property -name "nl.incl_unisim_models" -value "0" -objects $obj
# set_property -name "nl.process_corner" -value "slow" -objects $obj
# set_property -name "nl.rename_top" -value "" -objects $obj
# set_property -name "nl.sdf_anno" -value "1" -objects $obj
# set_property -name "nl.write_all_overrides" -value "0" -objects $obj
# set_property -name "simmodel_value_check" -value "1" -objects $obj
# set_property -name "simulator_launch_mode" -value "off" -objects $obj
# set_property -name "source_set" -value "sources_1" -objects $obj
# set_property -name "systemc_include_dirs" -value "" -objects $obj
# set_property -name "top" -value "tb_run_led" -objects $obj
# set_property -name "top_lib" -value "xil_defaultlib" -objects $obj
# set_property -name "transport_int_delay" -value "0" -objects $obj
# set_property -name "transport_path_delay" -value "0" -objects $obj
# set_property -name "unifast" -value "0" -objects $obj
# set_property -name "verilog_define" -value "" -objects $obj
# set_property -name "verilog_uppercase" -value "0" -objects $obj
# set_property -name "xelab.dll" -value "0" -objects $obj
# set_property -name "xsim.compile.tcl.pre" -value "" -objects $obj
# set_property -name "xsim.compile.xsc.more_options" -value "" -objects $obj
# set_property -name "xsim.compile.xvhdl.more_options" -value "" -objects $obj
# set_property -name "xsim.compile.xvhdl.nosort" -value "1" -objects $obj
# set_property -name "xsim.compile.xvhdl.relax" -value "1" -objects $obj
# set_property -name "xsim.compile.xvlog.more_options" -value "" -objects $obj
# set_property -name "xsim.compile.xvlog.nosort" -value "1" -objects $obj
# set_property -name "xsim.compile.xvlog.relax" -value "1" -objects $obj
# set_property -name "xsim.elaborate.coverage.celldefine" -value "0" -objects $obj
# set_property -name "xsim.elaborate.coverage.dir" -value "" -objects $obj
# set_property -name "xsim.elaborate.coverage.library" -value "0" -objects $obj
# set_property -name "xsim.elaborate.coverage.name" -value "" -objects $obj
# set_property -name "xsim.elaborate.coverage.type" -value "" -objects $obj
# set_property -name "xsim.elaborate.debug_level" -value "typical" -objects $obj
# set_property -name "xsim.elaborate.load_glbl" -value "1" -objects $obj
# set_property -name "xsim.elaborate.mt_level" -value "auto" -objects $obj
# set_property -name "xsim.elaborate.rangecheck" -value "0" -objects $obj
# set_property -name "xsim.elaborate.relax" -value "1" -objects $obj
# set_property -name "xsim.elaborate.sdf_delay" -value "sdfmax" -objects $obj
# set_property -name "xsim.elaborate.snapshot" -value "" -objects $obj
# set_property -name "xsim.elaborate.xelab.more_options" -value "" -objects $obj
# set_property -name "xsim.elaborate.xsc.more_options" -value "" -objects $obj
# set_property -name "xsim.simulate.add_positional" -value "0" -objects $obj
# set_property -name "xsim.simulate.custom_tcl" -value "" -objects $obj
# set_property -name "xsim.simulate.log_all_signals" -value "0" -objects $obj
# set_property -name "xsim.simulate.no_quit" -value "0" -objects $obj
# set_property -name "xsim.simulate.runtime" -value "1000ns" -objects $obj
# set_property -name "xsim.simulate.saif" -value "" -objects $obj
# set_property -name "xsim.simulate.saif_all_signals" -value "0" -objects $obj
# set_property -name "xsim.simulate.saif_scope" -value "" -objects $obj
# set_property -name "xsim.simulate.tcl.post" -value "" -objects $obj
# set_property -name "xsim.simulate.wdb" -value "" -objects $obj
# set_property -name "xsim.simulate.xsim.more_options" -value "" -objects $obj
# set obj [get_filesets utils_1]
# set obj [get_filesets utils_1]
# set_property -name "name" -value "utils_1" -objects $obj
# set idrFlowPropertiesConstraints ""
# catch {
#  set idrFlowPropertiesConstraints [get_param runs.disableIDRFlowPropertyConstraints]
#  set_param runs.disableIDRFlowPropertyConstraints 1
# }
# if {[string equal [get_runs -quiet synth_1] ""]} {
#     create_run -name synth_1 -part xc7a100tfgg484-2 -flow {Vivado Synthesis 2021} -strategy "Vivado Synthesis Defaults" -report_strategy {No Reports} -constrset constrs_1
# } else {
#   set_property strategy "Vivado Synthesis Defaults" [get_runs synth_1]
#   set_property flow "Vivado Synthesis 2021" [get_runs synth_1]
# }
# set obj [get_runs synth_1]
# set_property set_report_strategy_name 1 $obj
# set_property report_strategy {Vivado Synthesis Default Reports} $obj
# set_property set_report_strategy_name 0 $obj
# if { [ string equal [get_report_configs -of_objects [get_runs synth_1] synth_1_synth_report_utilization_0] "" ] } {
#   create_report_config -report_name synth_1_synth_report_utilization_0 -report_type report_utilization:1.0 -steps synth_design -runs synth_1
# }
# set obj [get_report_configs -of_objects [get_runs synth_1] synth_1_synth_report_utilization_0]
# if { $obj != "" } {
# set_property -name "is_enabled" -value "1" -objects $obj
# set_property -name "display_name" -value "Utilization - Synth Design" -objects $obj
# set_property -name "options.pblocks" -value "" -objects $obj
# set_property -name "options.cells" -value "" -objects $obj
# set_property -name "options.slr" -value "0" -objects $obj
# set_property -name "options.packthru" -value "0" -objects $obj
# set_property -name "options.hierarchical" -value "0" -objects $obj
# set_property -name "options.hierarchical_depth" -value "" -objects $obj
# set_property -name "options.hierarchical_percentages" -value "0" -objects $obj
# set_property -name "options.more_options" -value "" -objects $obj
# 
# }
# set obj [get_runs synth_1]
# set_property -name "constrset" -value "constrs_1" -objects $obj
# set_property -name "description" -value "Vivado Synthesis Defaults" -objects $obj
# set_property -name "flow" -value "Vivado Synthesis 2021" -objects $obj
# set_property -name "name" -value "synth_1" -objects $obj
# set_property -name "needs_refresh" -value "0" -objects $obj
# set_property -name "part" -value "xc7a100tfgg484-2" -objects $obj
# set_property -name "srcset" -value "sources_1" -objects $obj
# set_property -name "incremental_checkpoint" -value "" -objects $obj
# set_property -name "auto_incremental_checkpoint" -value "0" -objects $obj
# set_property -name "rqs_files" -value "" -objects $obj
# set_property -name "incremental_checkpoint.more_options" -value "" -objects $obj
# set_property -name "include_in_archive" -value "1" -objects $obj
# set_property -name "gen_full_bitstream" -value "1" -objects $obj
# set_property -name "write_incremental_synth_checkpoint" -value "0" -objects $obj
# set_property -name "auto_incremental_checkpoint.directory" -value "$proj_dir/run_led.srcs/utils_1/imports/synth_1" -objects $obj
# set_property -name "strategy" -value "Vivado Synthesis Defaults" -objects $obj
# set_property -name "steps.synth_design.tcl.pre" -value "" -objects $obj
# set_property -name "steps.synth_design.tcl.post" -value "" -objects $obj
# set_property -name "steps.synth_design.args.flatten_hierarchy" -value "rebuilt" -objects $obj
# set_property -name "steps.synth_design.args.gated_clock_conversion" -value "off" -objects $obj
# set_property -name "steps.synth_design.args.bufg" -value "12" -objects $obj
# set_property -name "steps.synth_design.args.directive" -value "Default" -objects $obj
# set_property -name "steps.synth_design.args.retiming" -value "0" -objects $obj
# set_property -name "steps.synth_design.args.fsm_extraction" -value "auto" -objects $obj
# set_property -name "steps.synth_design.args.keep_equivalent_registers" -value "0" -objects $obj
# set_property -name "steps.synth_design.args.resource_sharing" -value "auto" -objects $obj
# set_property -name "steps.synth_design.args.control_set_opt_threshold" -value "auto" -objects $obj
# set_property -name "steps.synth_design.args.no_lc" -value "0" -objects $obj
# set_property -name "steps.synth_design.args.no_srlextract" -value "0" -objects $obj
# set_property -name "steps.synth_design.args.shreg_min_size" -value "3" -objects $obj
# set_property -name "steps.synth_design.args.max_bram" -value "-1" -objects $obj
# set_property -name "steps.synth_design.args.max_uram" -value "-1" -objects $obj
# set_property -name "steps.synth_design.args.max_dsp" -value "-1" -objects $obj
# set_property -name "steps.synth_design.args.max_bram_cascade_height" -value "-1" -objects $obj
# set_property -name "steps.synth_design.args.max_uram_cascade_height" -value "-1" -objects $obj
# set_property -name "steps.synth_design.args.cascade_dsp" -value "auto" -objects $obj
# set_property -name "steps.synth_design.args.assert" -value "0" -objects $obj
# set_property -name "steps.synth_design.args.more options" -value "" -objects $obj
# current_run -synthesis [get_runs synth_1]
# if {[string equal [get_runs -quiet impl_1] ""]} {
#     create_run -name impl_1 -part xc7a100tfgg484-2 -flow {Vivado Implementation 2021} -strategy "Vivado Implementation Defaults" -report_strategy {No Reports} -constrset constrs_1 -parent_run synth_1
# } else {
#   set_property strategy "Vivado Implementation Defaults" [get_runs impl_1]
#   set_property flow "Vivado Implementation 2021" [get_runs impl_1]
# }
# set obj [get_runs impl_1]
# set_property set_report_strategy_name 1 $obj
# set_property report_strategy {Vivado Implementation Default Reports} $obj
# set_property set_report_strategy_name 0 $obj
# if { [ string equal [get_report_configs -of_objects [get_runs impl_1] impl_1_init_report_timing_summary_0] "" ] } {
#   create_report_config -report_name impl_1_init_report_timing_summary_0 -report_type report_timing_summary:1.0 -steps init_design -runs impl_1
# }
# set obj [get_report_configs -of_objects [get_runs impl_1] impl_1_init_report_timing_summary_0]
# if { $obj != "" } {
# set_property -name "is_enabled" -value "0" -objects $obj
# set_property -name "display_name" -value "Timing Summary - Design Initialization" -objects $obj
# set_property -name "options.check_timing_verbose" -value "0" -objects $obj
# set_property -name "options.delay_type" -value "" -objects $obj
# set_property -name "options.setup" -value "0" -objects $obj
# set_property -name "options.hold" -value "0" -objects $obj
# set_property -name "options.max_paths" -value "10" -objects $obj
# set_property -name "options.nworst" -value "" -objects $obj
# set_property -name "options.unique_pins" -value "0" -objects $obj
# set_property -name "options.path_type" -value "" -objects $obj
# set_property -name "options.slack_lesser_than" -value "" -objects $obj
# set_property -name "options.report_unconstrained" -value "0" -objects $obj
# set_property -name "options.warn_on_violation" -value "0" -objects $obj
# set_property -name "options.significant_digits" -value "" -objects $obj
# set_property -name "options.cell" -value "" -objects $obj
# set_property -name "options.more_options" -value "" -objects $obj
# 
# }
# if { [ string equal [get_report_configs -of_objects [get_runs impl_1] impl_1_opt_report_drc_0] "" ] } {
#   create_report_config -report_name impl_1_opt_report_drc_0 -report_type report_drc:1.0 -steps opt_design -runs impl_1
# }
# set obj [get_report_configs -of_objects [get_runs impl_1] impl_1_opt_report_drc_0]
# if { $obj != "" } {
# set_property -name "is_enabled" -value "1" -objects $obj
# set_property -name "display_name" -value "DRC - Opt Design" -objects $obj
# set_property -name "options.upgrade_cw" -value "0" -objects $obj
# set_property -name "options.checks" -value "" -objects $obj
# set_property -name "options.ruledecks" -value "" -objects $obj
# set_property -name "options.more_options" -value "" -objects $obj
# 
# }
# if { [ string equal [get_report_configs -of_objects [get_runs impl_1] impl_1_opt_report_timing_summary_0] "" ] } {
#   create_report_config -report_name impl_1_opt_report_timing_summary_0 -report_type report_timing_summary:1.0 -steps opt_design -runs impl_1
# }
# set obj [get_report_configs -of_objects [get_runs impl_1] impl_1_opt_report_timing_summary_0]
# if { $obj != "" } {
# set_property -name "is_enabled" -value "0" -objects $obj
# set_property -name "display_name" -value "Timing Summary - Opt Design" -objects $obj
# set_property -name "options.check_timing_verbose" -value "0" -objects $obj
# set_property -name "options.delay_type" -value "" -objects $obj
# set_property -name "options.setup" -value "0" -objects $obj
# set_property -name "options.hold" -value "0" -objects $obj
# set_property -name "options.max_paths" -value "10" -objects $obj
# set_property -name "options.nworst" -value "" -objects $obj
# set_property -name "options.unique_pins" -value "0" -objects $obj
# set_property -name "options.path_type" -value "" -objects $obj
# set_property -name "options.slack_lesser_than" -value "" -objects $obj
# set_property -name "options.report_unconstrained" -value "0" -objects $obj
# set_property -name "options.warn_on_violation" -value "0" -objects $obj
# set_property -name "options.significant_digits" -value "" -objects $obj
# set_property -name "options.cell" -value "" -objects $obj
# set_property -name "options.more_options" -value "" -objects $obj
# 
# }
# if { [ string equal [get_report_configs -of_objects [get_runs impl_1] impl_1_power_opt_report_timing_summary_0] "" ] } {
#   create_report_config -report_name impl_1_power_opt_report_timing_summary_0 -report_type report_timing_summary:1.0 -steps power_opt_design -runs impl_1
# }
# set obj [get_report_configs -of_objects [get_runs impl_1] impl_1_power_opt_report_timing_summary_0]
# if { $obj != "" } {
# set_property -name "is_enabled" -value "0" -objects $obj
# set_property -name "display_name" -value "Timing Summary - Power Opt Design" -objects $obj
# set_property -name "options.check_timing_verbose" -value "0" -objects $obj
# set_property -name "options.delay_type" -value "" -objects $obj
# set_property -name "options.setup" -value "0" -objects $obj
# set_property -name "options.hold" -value "0" -objects $obj
# set_property -name "options.max_paths" -value "10" -objects $obj
# set_property -name "options.nworst" -value "" -objects $obj
# set_property -name "options.unique_pins" -value "0" -objects $obj
# set_property -name "options.path_type" -value "" -objects $obj
# set_property -name "options.slack_lesser_than" -value "" -objects $obj
# set_property -name "options.report_unconstrained" -value "0" -objects $obj
# set_property -name "options.warn_on_violation" -value "0" -objects $obj
# set_property -name "options.significant_digits" -value "" -objects $obj
# set_property -name "options.cell" -value "" -objects $obj
# set_property -name "options.more_options" -value "" -objects $obj
# 
# }
# if { [ string equal [get_report_configs -of_objects [get_runs impl_1] impl_1_place_report_io_0] "" ] } {
#   create_report_config -report_name impl_1_place_report_io_0 -report_type report_io:1.0 -steps place_design -runs impl_1
# }
# set obj [get_report_configs -of_objects [get_runs impl_1] impl_1_place_report_io_0]
# if { $obj != "" } {
# set_property -name "is_enabled" -value "1" -objects $obj
# set_property -name "display_name" -value "IO - Place Design" -objects $obj
# set_property -name "options.more_options" -value "" -objects $obj
# 
# }
# if { [ string equal [get_report_configs -of_objects [get_runs impl_1] impl_1_place_report_utilization_0] "" ] } {
#   create_report_config -report_name impl_1_place_report_utilization_0 -report_type report_utilization:1.0 -steps place_design -runs impl_1
# }
# set obj [get_report_configs -of_objects [get_runs impl_1] impl_1_place_report_utilization_0]
# if { $obj != "" } {
# set_property -name "is_enabled" -value "1" -objects $obj
# set_property -name "display_name" -value "Utilization - Place Design" -objects $obj
# set_property -name "options.pblocks" -value "" -objects $obj
# set_property -name "options.cells" -value "" -objects $obj
# set_property -name "options.slr" -value "0" -objects $obj
# set_property -name "options.packthru" -value "0" -objects $obj
# set_property -name "options.hierarchical" -value "0" -objects $obj
# set_property -name "options.hierarchical_depth" -value "" -objects $obj
# set_property -name "options.hierarchical_percentages" -value "0" -objects $obj
# set_property -name "options.more_options" -value "" -objects $obj
# 
# }
# if { [ string equal [get_report_configs -of_objects [get_runs impl_1] impl_1_place_report_control_sets_0] "" ] } {
#   create_report_config -report_name impl_1_place_report_control_sets_0 -report_type report_control_sets:1.0 -steps place_design -runs impl_1
# }
# set obj [get_report_configs -of_objects [get_runs impl_1] impl_1_place_report_control_sets_0]
# if { $obj != "" } {
# set_property -name "is_enabled" -value "1" -objects $obj
# set_property -name "display_name" -value "Control Sets - Place Design" -objects $obj
# set_property -name "options.verbose" -value "1" -objects $obj
# set_property -name "options.cells" -value "" -objects $obj
# set_property -name "options.more_options" -value "" -objects $obj
# 
# }
# if { [ string equal [get_report_configs -of_objects [get_runs impl_1] impl_1_place_report_incremental_reuse_0] "" ] } {
#   create_report_config -report_name impl_1_place_report_incremental_reuse_0 -report_type report_incremental_reuse:1.0 -steps place_design -runs impl_1
# }
# set obj [get_report_configs -of_objects [get_runs impl_1] impl_1_place_report_incremental_reuse_0]
# if { $obj != "" } {
# set_property -name "is_enabled" -value "0" -objects $obj
# set_property -name "display_name" -value "Incremental Reuse - Place Design" -objects $obj
# set_property -name "options.cells" -value "" -objects $obj
# set_property -name "options.hierarchical" -value "0" -objects $obj
# set_property -name "options.hierarchical_depth" -value "" -objects $obj
# set_property -name "options.more_options" -value "" -objects $obj
# 
# }
# if { [ string equal [get_report_configs -of_objects [get_runs impl_1] impl_1_place_report_incremental_reuse_1] "" ] } {
#   create_report_config -report_name impl_1_place_report_incremental_reuse_1 -report_type report_incremental_reuse:1.0 -steps place_design -runs impl_1
# }
# set obj [get_report_configs -of_objects [get_runs impl_1] impl_1_place_report_incremental_reuse_1]
# if { $obj != "" } {
# set_property -name "is_enabled" -value "0" -objects $obj
# set_property -name "display_name" -value "Incremental Reuse - Place Design" -objects $obj
# set_property -name "options.cells" -value "" -objects $obj
# set_property -name "options.hierarchical" -value "0" -objects $obj
# set_property -name "options.hierarchical_depth" -value "" -objects $obj
# set_property -name "options.more_options" -value "" -objects $obj
# 
# }
# if { [ string equal [get_report_configs -of_objects [get_runs impl_1] impl_1_place_report_timing_summary_0] "" ] } {
#   create_report_config -report_name impl_1_place_report_timing_summary_0 -report_type report_timing_summary:1.0 -steps place_design -runs impl_1
# }
# set obj [get_report_configs -of_objects [get_runs impl_1] impl_1_place_report_timing_summary_0]
# if { $obj != "" } {
# set_property -name "is_enabled" -value "0" -objects $obj
# set_property -name "display_name" -value "Timing Summary - Place Design" -objects $obj
# set_property -name "options.check_timing_verbose" -value "0" -objects $obj
# set_property -name "options.delay_type" -value "" -objects $obj
# set_property -name "options.setup" -value "0" -objects $obj
# set_property -name "options.hold" -value "0" -objects $obj
# set_property -name "options.max_paths" -value "10" -objects $obj
# set_property -name "options.nworst" -value "" -objects $obj
# set_property -name "options.unique_pins" -value "0" -objects $obj
# set_property -name "options.path_type" -value "" -objects $obj
# set_property -name "options.slack_lesser_than" -value "" -objects $obj
# set_property -name "options.report_unconstrained" -value "0" -objects $obj
# set_property -name "options.warn_on_violation" -value "0" -objects $obj
# set_property -name "options.significant_digits" -value "" -objects $obj
# set_property -name "options.cell" -value "" -objects $obj
# set_property -name "options.more_options" -value "" -objects $obj
# 
# }
# if { [ string equal [get_report_configs -of_objects [get_runs impl_1] impl_1_post_place_power_opt_report_timing_summary_0] "" ] } {
#   create_report_config -report_name impl_1_post_place_power_opt_report_timing_summary_0 -report_type report_timing_summary:1.0 -steps post_place_power_opt_design -runs impl_1
# }
# set obj [get_report_configs -of_objects [get_runs impl_1] impl_1_post_place_power_opt_report_timing_summary_0]
# if { $obj != "" } {
# set_property -name "is_enabled" -value "0" -objects $obj
# set_property -name "display_name" -value "Timing Summary - Post-Place Power Opt Design" -objects $obj
# set_property -name "options.check_timing_verbose" -value "0" -objects $obj
# set_property -name "options.delay_type" -value "" -objects $obj
# set_property -name "options.setup" -value "0" -objects $obj
# set_property -name "options.hold" -value "0" -objects $obj
# set_property -name "options.max_paths" -value "10" -objects $obj
# set_property -name "options.nworst" -value "" -objects $obj
# set_property -name "options.unique_pins" -value "0" -objects $obj
# set_property -name "options.path_type" -value "" -objects $obj
# set_property -name "options.slack_lesser_than" -value "" -objects $obj
# set_property -name "options.report_unconstrained" -value "0" -objects $obj
# set_property -name "options.warn_on_violation" -value "0" -objects $obj
# set_property -name "options.significant_digits" -value "" -objects $obj
# set_property -name "options.cell" -value "" -objects $obj
# set_property -name "options.more_options" -value "" -objects $obj
# 
# }
# if { [ string equal [get_report_configs -of_objects [get_runs impl_1] impl_1_phys_opt_report_timing_summary_0] "" ] } {
#   create_report_config -report_name impl_1_phys_opt_report_timing_summary_0 -report_type report_timing_summary:1.0 -steps phys_opt_design -runs impl_1
# }
# set obj [get_report_configs -of_objects [get_runs impl_1] impl_1_phys_opt_report_timing_summary_0]
# if { $obj != "" } {
# set_property -name "is_enabled" -value "0" -objects $obj
# set_property -name "display_name" -value "Timing Summary - Post-Place Phys Opt Design" -objects $obj
# set_property -name "options.check_timing_verbose" -value "0" -objects $obj
# set_property -name "options.delay_type" -value "" -objects $obj
# set_property -name "options.setup" -value "0" -objects $obj
# set_property -name "options.hold" -value "0" -objects $obj
# set_property -name "options.max_paths" -value "10" -objects $obj
# set_property -name "options.nworst" -value "" -objects $obj
# set_property -name "options.unique_pins" -value "0" -objects $obj
# set_property -name "options.path_type" -value "" -objects $obj
# set_property -name "options.slack_lesser_than" -value "" -objects $obj
# set_property -name "options.report_unconstrained" -value "0" -objects $obj
# set_property -name "options.warn_on_violation" -value "0" -objects $obj
# set_property -name "options.significant_digits" -value "" -objects $obj
# set_property -name "options.cell" -value "" -objects $obj
# set_property -name "options.more_options" -value "" -objects $obj
# 
# }
# if { [ string equal [get_report_configs -of_objects [get_runs impl_1] impl_1_route_report_drc_0] "" ] } {
#   create_report_config -report_name impl_1_route_report_drc_0 -report_type report_drc:1.0 -steps route_design -runs impl_1
# }
# set obj [get_report_configs -of_objects [get_runs impl_1] impl_1_route_report_drc_0]
# if { $obj != "" } {
# set_property -name "is_enabled" -value "1" -objects $obj
# set_property -name "display_name" -value "DRC - Route Design" -objects $obj
# set_property -name "options.upgrade_cw" -value "0" -objects $obj
# set_property -name "options.checks" -value "" -objects $obj
# set_property -name "options.ruledecks" -value "" -objects $obj
# set_property -name "options.more_options" -value "" -objects $obj
# 
# }
# if { [ string equal [get_report_configs -of_objects [get_runs impl_1] impl_1_route_report_methodology_0] "" ] } {
#   create_report_config -report_name impl_1_route_report_methodology_0 -report_type report_methodology:1.0 -steps route_design -runs impl_1
# }
# set obj [get_report_configs -of_objects [get_runs impl_1] impl_1_route_report_methodology_0]
# if { $obj != "" } {
# set_property -name "is_enabled" -value "1" -objects $obj
# set_property -name "display_name" -value "Methodology - Route Design" -objects $obj
# set_property -name "options.checks" -value "" -objects $obj
# set_property -name "options.more_options" -value "" -objects $obj
# 
# }
# if { [ string equal [get_report_configs -of_objects [get_runs impl_1] impl_1_route_report_power_0] "" ] } {
#   create_report_config -report_name impl_1_route_report_power_0 -report_type report_power:1.0 -steps route_design -runs impl_1
# }
# set obj [get_report_configs -of_objects [get_runs impl_1] impl_1_route_report_power_0]
# if { $obj != "" } {
# set_property -name "is_enabled" -value "1" -objects $obj
# set_property -name "display_name" -value "Power - Route Design" -objects $obj
# set_property -name "options.advisory" -value "0" -objects $obj
# set_property -name "options.xpe" -value "" -objects $obj
# set_property -name "options.more_options" -value "" -objects $obj
# 
# }
# if { [ string equal [get_report_configs -of_objects [get_runs impl_1] impl_1_route_report_route_status_0] "" ] } {
#   create_report_config -report_name impl_1_route_report_route_status_0 -report_type report_route_status:1.0 -steps route_design -runs impl_1
# }
# set obj [get_report_configs -of_objects [get_runs impl_1] impl_1_route_report_route_status_0]
# if { $obj != "" } {
# set_property -name "is_enabled" -value "1" -objects $obj
# set_property -name "display_name" -value "Route Status - Route Design" -objects $obj
# set_property -name "options.of_objects" -value "" -objects $obj
# set_property -name "options.route_type" -value "" -objects $obj
# set_property -name "options.list_all_nets" -value "0" -objects $obj
# set_property -name "options.show_all" -value "0" -objects $obj
# set_property -name "options.has_routing" -value "0" -objects $obj
# set_property -name "options.more_options" -value "" -objects $obj
# 
# }
# if { [ string equal [get_report_configs -of_objects [get_runs impl_1] impl_1_route_report_timing_summary_0] "" ] } {
#   create_report_config -report_name impl_1_route_report_timing_summary_0 -report_type report_timing_summary:1.0 -steps route_design -runs impl_1
# }
# set obj [get_report_configs -of_objects [get_runs impl_1] impl_1_route_report_timing_summary_0]
# if { $obj != "" } {
# set_property -name "is_enabled" -value "1" -objects $obj
# set_property -name "display_name" -value "Timing Summary - Route Design" -objects $obj
# set_property -name "options.check_timing_verbose" -value "0" -objects $obj
# set_property -name "options.delay_type" -value "" -objects $obj
# set_property -name "options.setup" -value "0" -objects $obj
# set_property -name "options.hold" -value "0" -objects $obj
# set_property -name "options.max_paths" -value "10" -objects $obj
# set_property -name "options.nworst" -value "" -objects $obj
# set_property -name "options.unique_pins" -value "0" -objects $obj
# set_property -name "options.path_type" -value "" -objects $obj
# set_property -name "options.slack_lesser_than" -value "" -objects $obj
# set_property -name "options.report_unconstrained" -value "0" -objects $obj
# set_property -name "options.warn_on_violation" -value "0" -objects $obj
# set_property -name "options.significant_digits" -value "" -objects $obj
# set_property -name "options.cell" -value "" -objects $obj
# set_property -name "options.more_options" -value "" -objects $obj
# 
# }
# if { [ string equal [get_report_configs -of_objects [get_runs impl_1] impl_1_route_report_incremental_reuse_0] "" ] } {
#   create_report_config -report_name impl_1_route_report_incremental_reuse_0 -report_type report_incremental_reuse:1.0 -steps route_design -runs impl_1
# }
# set obj [get_report_configs -of_objects [get_runs impl_1] impl_1_route_report_incremental_reuse_0]
# if { $obj != "" } {
# set_property -name "is_enabled" -value "1" -objects $obj
# set_property -name "display_name" -value "Incremental Reuse - Route Design" -objects $obj
# set_property -name "options.cells" -value "" -objects $obj
# set_property -name "options.hierarchical" -value "0" -objects $obj
# set_property -name "options.hierarchical_depth" -value "" -objects $obj
# set_property -name "options.more_options" -value "" -objects $obj
# 
# }
# if { [ string equal [get_report_configs -of_objects [get_runs impl_1] impl_1_route_report_clock_utilization_0] "" ] } {
#   create_report_config -report_name impl_1_route_report_clock_utilization_0 -report_type report_clock_utilization:1.0 -steps route_design -runs impl_1
# }
# set obj [get_report_configs -of_objects [get_runs impl_1] impl_1_route_report_clock_utilization_0]
# if { $obj != "" } {
# set_property -name "is_enabled" -value "1" -objects $obj
# set_property -name "display_name" -value "Clock Utilization - Route Design" -objects $obj
# set_property -name "options.write_xdc" -value "0" -objects $obj
# set_property -name "options.clock_roots_only" -value "0" -objects $obj
# set_property -name "options.more_options" -value "" -objects $obj
# 
# }
# if { [ string equal [get_report_configs -of_objects [get_runs impl_1] impl_1_route_report_bus_skew_0] "" ] } {
#   create_report_config -report_name impl_1_route_report_bus_skew_0 -report_type report_bus_skew:1.1 -steps route_design -runs impl_1
# }
# set obj [get_report_configs -of_objects [get_runs impl_1] impl_1_route_report_bus_skew_0]
# if { $obj != "" } {
# set_property -name "is_enabled" -value "1" -objects $obj
# set_property -name "display_name" -value "Bus Skew - Route Design" -objects $obj
# set_property -name "options.delay_type" -value "" -objects $obj
# set_property -name "options.setup" -value "0" -objects $obj
# set_property -name "options.hold" -value "0" -objects $obj
# set_property -name "options.max_paths" -value "" -objects $obj
# set_property -name "options.nworst" -value "" -objects $obj
# set_property -name "options.unique_pins" -value "0" -objects $obj
# set_property -name "options.path_type" -value "" -objects $obj
# set_property -name "options.slack_lesser_than" -value "" -objects $obj
# set_property -name "options.slack_greater_than" -value "" -objects $obj
# set_property -name "options.significant_digits" -value "" -objects $obj
# set_property -name "options.warn_on_violation" -value "1" -objects $obj
# set_property -name "options.more_options" -value "" -objects $obj
# 
# }
# if { [ string equal [get_report_configs -of_objects [get_runs impl_1] impl_1_post_route_phys_opt_report_timing_summary_0] "" ] } {
#   create_report_config -report_name impl_1_post_route_phys_opt_report_timing_summary_0 -report_type report_timing_summary:1.0 -steps post_route_phys_opt_design -runs impl_1
# }
# set obj [get_report_configs -of_objects [get_runs impl_1] impl_1_post_route_phys_opt_report_timing_summary_0]
# if { $obj != "" } {
# set_property -name "is_enabled" -value "1" -objects $obj
# set_property -name "display_name" -value "Timing Summary - Post-Route Phys Opt Design" -objects $obj
# set_property -name "options.check_timing_verbose" -value "0" -objects $obj
# set_property -name "options.delay_type" -value "" -objects $obj
# set_property -name "options.setup" -value "0" -objects $obj
# set_property -name "options.hold" -value "0" -objects $obj
# set_property -name "options.max_paths" -value "10" -objects $obj
# set_property -name "options.nworst" -value "" -objects $obj
# set_property -name "options.unique_pins" -value "0" -objects $obj
# set_property -name "options.path_type" -value "" -objects $obj
# set_property -name "options.slack_lesser_than" -value "" -objects $obj
# set_property -name "options.report_unconstrained" -value "0" -objects $obj
# set_property -name "options.warn_on_violation" -value "1" -objects $obj
# set_property -name "options.significant_digits" -value "" -objects $obj
# set_property -name "options.cell" -value "" -objects $obj
# set_property -name "options.more_options" -value "" -objects $obj
# 
# }
# if { [ string equal [get_report_configs -of_objects [get_runs impl_1] impl_1_post_route_phys_opt_report_bus_skew_0] "" ] } {
#   create_report_config -report_name impl_1_post_route_phys_opt_report_bus_skew_0 -report_type report_bus_skew:1.1 -steps post_route_phys_opt_design -runs impl_1
# }
# set obj [get_report_configs -of_objects [get_runs impl_1] impl_1_post_route_phys_opt_report_bus_skew_0]
# if { $obj != "" } {
# set_property -name "is_enabled" -value "1" -objects $obj
# set_property -name "display_name" -value "Bus Skew - Post-Route Phys Opt Design" -objects $obj
# set_property -name "options.delay_type" -value "" -objects $obj
# set_property -name "options.setup" -value "0" -objects $obj
# set_property -name "options.hold" -value "0" -objects $obj
# set_property -name "options.max_paths" -value "" -objects $obj
# set_property -name "options.nworst" -value "" -objects $obj
# set_property -name "options.unique_pins" -value "0" -objects $obj
# set_property -name "options.path_type" -value "" -objects $obj
# set_property -name "options.slack_lesser_than" -value "" -objects $obj
# set_property -name "options.slack_greater_than" -value "" -objects $obj
# set_property -name "options.significant_digits" -value "" -objects $obj
# set_property -name "options.warn_on_violation" -value "1" -objects $obj
# set_property -name "options.more_options" -value "" -objects $obj
# 
# }
# set obj [get_runs impl_1]
# set_property -name "constrset" -value "constrs_1" -objects $obj
# set_property -name "description" -value "Default settings for Implementation." -objects $obj
# set_property -name "flow" -value "Vivado Implementation 2021" -objects $obj
# set_property -name "name" -value "impl_1" -objects $obj
# set_property -name "needs_refresh" -value "0" -objects $obj
# set_property -name "part" -value "xc7a100tfgg484-2" -objects $obj
# set_property -name "pr_configuration" -value "" -objects $obj
# set_property -name "srcset" -value "sources_1" -objects $obj
# set_property -name "incremental_checkpoint" -value "" -objects $obj
# set_property -name "auto_incremental_checkpoint" -value "0" -objects $obj
# set_property -name "incremental_checkpoint.directive" -value "" -objects $obj
# set_property -name "rqs_files" -value "" -objects $obj
# set_property -name "incremental_checkpoint.more_options" -value "" -objects $obj
# set_property -name "include_in_archive" -value "1" -objects $obj
# set_property -name "gen_full_bitstream" -value "1" -objects $obj
# set_property -name "auto_incremental_checkpoint.directory" -value "$proj_dir/run_led.srcs/utils_1/imports/impl_1" -objects $obj
# set_property -name "strategy" -value "Vivado Implementation Defaults" -objects $obj
# set_property -name "steps.init_design.tcl.pre" -value "" -objects $obj
# set_property -name "steps.init_design.tcl.post" -value "" -objects $obj
# set_property -name "steps.init_design.args.more options" -value "" -objects $obj
# set_property -name "steps.opt_design.is_enabled" -value "1" -objects $obj
# set_property -name "steps.opt_design.tcl.pre" -value "" -objects $obj
# set_property -name "steps.opt_design.tcl.post" -value "" -objects $obj
# set_property -name "steps.opt_design.args.verbose" -value "0" -objects $obj
# set_property -name "steps.opt_design.args.directive" -value "Default" -objects $obj
# set_property -name "steps.opt_design.args.more options" -value "" -objects $obj
# set_property -name "steps.power_opt_design.is_enabled" -value "0" -objects $obj
# set_property -name "steps.power_opt_design.tcl.pre" -value "" -objects $obj
# set_property -name "steps.power_opt_design.tcl.post" -value "" -objects $obj
# set_property -name "steps.power_opt_design.args.more options" -value "" -objects $obj
# set_property -name "steps.place_design.tcl.pre" -value "" -objects $obj
# set_property -name "steps.place_design.tcl.post" -value "" -objects $obj
# set_property -name "steps.place_design.args.directive" -value "Default" -objects $obj
# set_property -name "steps.place_design.args.more options" -value "" -objects $obj
# set_property -name "steps.post_place_power_opt_design.is_enabled" -value "0" -objects $obj
# set_property -name "steps.post_place_power_opt_design.tcl.pre" -value "" -objects $obj
# set_property -name "steps.post_place_power_opt_design.tcl.post" -value "" -objects $obj
# set_property -name "steps.post_place_power_opt_design.args.more options" -value "" -objects $obj
# set_property -name "steps.phys_opt_design.is_enabled" -value "1" -objects $obj
# set_property -name "steps.phys_opt_design.tcl.pre" -value "" -objects $obj
# set_property -name "steps.phys_opt_design.tcl.post" -value "" -objects $obj
# set_property -name "steps.phys_opt_design.args.directive" -value "Default" -objects $obj
# set_property -name "steps.phys_opt_design.args.more options" -value "" -objects $obj
# set_property -name "steps.route_design.tcl.pre" -value "" -objects $obj
# set_property -name "steps.route_design.tcl.post" -value "" -objects $obj
# set_property -name "steps.route_design.args.directive" -value "Default" -objects $obj
# set_property -name "steps.route_design.args.more options" -value "" -objects $obj
# set_property -name "steps.post_route_phys_opt_design.is_enabled" -value "0" -objects $obj
# set_property -name "steps.post_route_phys_opt_design.tcl.pre" -value "" -objects $obj
# set_property -name "steps.post_route_phys_opt_design.tcl.post" -value "" -objects $obj
# set_property -name "steps.post_route_phys_opt_design.args.directive" -value "Default" -objects $obj
# set_property -name "steps.post_route_phys_opt_design.args.more options" -value "" -objects $obj
# set_property -name "steps.write_bitstream.tcl.pre" -value "" -objects $obj
# set_property -name "steps.write_bitstream.tcl.post" -value "" -objects $obj
# set_property -name "steps.write_bitstream.args.raw_bitfile" -value "0" -objects $obj
# set_property -name "steps.write_bitstream.args.mask_file" -value "0" -objects $obj
# set_property -name "steps.write_bitstream.args.no_binary_bitfile" -value "0" -objects $obj
# set_property -name "steps.write_bitstream.args.bin_file" -value "0" -objects $obj
# set_property -name "steps.write_bitstream.args.readback_file" -value "0" -objects $obj
# set_property -name "steps.write_bitstream.args.logic_location_file" -value "0" -objects $obj
# set_property -name "steps.write_bitstream.args.verbose" -value "0" -objects $obj
# set_property -name "steps.write_bitstream.args.more options" -value "" -objects $obj
# current_run -implementation [get_runs impl_1]
# catch {
#  if { $idrFlowPropertiesConstraints != {} } {
#    set_param runs.disableIDRFlowPropertyConstraints $idrFlowPropertiesConstraints
#  }
# }
# puts "INFO: Project created:${_xil_proj_name_}"
INFO: Project created:run_led
# if {[string equal [get_dashboard_gadgets  [ list "drc_1" ] ] ""]} {
# create_dashboard_gadget -name {drc_1} -type drc
# }
# set obj [get_dashboard_gadgets [ list "drc_1" ] ]
# set_property -name "active_reports" -value "" -objects $obj
# set_property -name "active_reports_invalid" -value "" -objects $obj
# set_property -name "active_run" -value "0" -objects $obj
# set_property -name "hide_unused_data" -value "1" -objects $obj
# set_property -name "incl_new_reports" -value "0" -objects $obj
# set_property -name "reports" -value "impl_1#impl_1_route_report_drc_0" -objects $obj
# set_property -name "run.step" -value "route_design" -objects $obj
# set_property -name "run.type" -value "implementation" -objects $obj
# set_property -name "statistics.critical_warning" -value "1" -objects $obj
# set_property -name "statistics.error" -value "1" -objects $obj
# set_property -name "statistics.info" -value "1" -objects $obj
# set_property -name "statistics.warning" -value "1" -objects $obj
# set_property -name "view.orientation" -value "Horizontal" -objects $obj
# set_property -name "view.type" -value "Graph" -objects $obj
# if {[string equal [get_dashboard_gadgets  [ list "methodology_1" ] ] ""]} {
# create_dashboard_gadget -name {methodology_1} -type methodology
# }
# set obj [get_dashboard_gadgets [ list "methodology_1" ] ]
# set_property -name "active_reports" -value "" -objects $obj
# set_property -name "active_reports_invalid" -value "" -objects $obj
# set_property -name "active_run" -value "0" -objects $obj
# set_property -name "hide_unused_data" -value "1" -objects $obj
# set_property -name "incl_new_reports" -value "0" -objects $obj
# set_property -name "reports" -value "impl_1#impl_1_route_report_methodology_0" -objects $obj
# set_property -name "run.step" -value "route_design" -objects $obj
# set_property -name "run.type" -value "implementation" -objects $obj
# set_property -name "statistics.critical_warning" -value "1" -objects $obj
# set_property -name "statistics.error" -value "1" -objects $obj
# set_property -name "statistics.info" -value "1" -objects $obj
# set_property -name "statistics.warning" -value "1" -objects $obj
# set_property -name "view.orientation" -value "Horizontal" -objects $obj
# set_property -name "view.type" -value "Graph" -objects $obj
# if {[string equal [get_dashboard_gadgets  [ list "power_1" ] ] ""]} {
# create_dashboard_gadget -name {power_1} -type power
# }
# set obj [get_dashboard_gadgets [ list "power_1" ] ]
# set_property -name "active_reports" -value "" -objects $obj
# set_property -name "active_reports_invalid" -value "" -objects $obj
# set_property -name "active_run" -value "0" -objects $obj
# set_property -name "hide_unused_data" -value "1" -objects $obj
# set_property -name "incl_new_reports" -value "0" -objects $obj
# set_property -name "reports" -value "impl_1#impl_1_route_report_power_0" -objects $obj
# set_property -name "run.step" -value "route_design" -objects $obj
# set_property -name "run.type" -value "implementation" -objects $obj
# set_property -name "statistics.bram" -value "1" -objects $obj
# set_property -name "statistics.clocks" -value "1" -objects $obj
# set_property -name "statistics.dsp" -value "1" -objects $obj
# set_property -name "statistics.gth" -value "1" -objects $obj
# set_property -name "statistics.gtp" -value "1" -objects $obj
# set_property -name "statistics.gtx" -value "1" -objects $obj
# set_property -name "statistics.gtz" -value "1" -objects $obj
# set_property -name "statistics.io" -value "1" -objects $obj
# set_property -name "statistics.logic" -value "1" -objects $obj
# set_property -name "statistics.mmcm" -value "1" -objects $obj
# set_property -name "statistics.pcie" -value "1" -objects $obj
# set_property -name "statistics.phaser" -value "1" -objects $obj
# set_property -name "statistics.pll" -value "1" -objects $obj
# set_property -name "statistics.pl_static" -value "1" -objects $obj
# set_property -name "statistics.ps7" -value "1" -objects $obj
# set_property -name "statistics.ps" -value "1" -objects $obj
# set_property -name "statistics.ps_static" -value "1" -objects $obj
# set_property -name "statistics.signals" -value "1" -objects $obj
# set_property -name "statistics.total_power" -value "1" -objects $obj
# set_property -name "statistics.transceiver" -value "1" -objects $obj
# set_property -name "statistics.xadc" -value "1" -objects $obj
# set_property -name "view.orientation" -value "Horizontal" -objects $obj
# set_property -name "view.type" -value "Graph" -objects $obj
# if {[string equal [get_dashboard_gadgets  [ list "timing_1" ] ] ""]} {
# create_dashboard_gadget -name {timing_1} -type timing
# }
# set obj [get_dashboard_gadgets [ list "timing_1" ] ]
# set_property -name "active_reports" -value "" -objects $obj
# set_property -name "active_reports_invalid" -value "" -objects $obj
# set_property -name "active_run" -value "0" -objects $obj
# set_property -name "hide_unused_data" -value "1" -objects $obj
# set_property -name "incl_new_reports" -value "0" -objects $obj
# set_property -name "reports" -value "impl_1#impl_1_route_report_timing_summary_0" -objects $obj
# set_property -name "run.step" -value "route_design" -objects $obj
# set_property -name "run.type" -value "implementation" -objects $obj
# set_property -name "statistics.ths" -value "1" -objects $obj
# set_property -name "statistics.tns" -value "1" -objects $obj
# set_property -name "statistics.tpws" -value "1" -objects $obj
# set_property -name "statistics.whs" -value "1" -objects $obj
# set_property -name "statistics.wns" -value "1" -objects $obj
# set_property -name "view.orientation" -value "Horizontal" -objects $obj
# set_property -name "view.type" -value "Table" -objects $obj
# if {[string equal [get_dashboard_gadgets  [ list "utilization_1" ] ] ""]} {
# create_dashboard_gadget -name {utilization_1} -type utilization
# }
# set obj [get_dashboard_gadgets [ list "utilization_1" ] ]
# set_property -name "active_reports" -value "" -objects $obj
# set_property -name "active_reports_invalid" -value "" -objects $obj
# set_property -name "active_run" -value "0" -objects $obj
# set_property -name "hide_unused_data" -value "1" -objects $obj
# set_property -name "incl_new_reports" -value "0" -objects $obj
# set_property -name "reports" -value "synth_1#synth_1_synth_report_utilization_0" -objects $obj
# set_property -name "run.step" -value "synth_design" -objects $obj
# set_property -name "run.type" -value "synthesis" -objects $obj
# set_property -name "statistics.bram" -value "1" -objects $obj
# set_property -name "statistics.bufg" -value "1" -objects $obj
# set_property -name "statistics.dsp" -value "1" -objects $obj
# set_property -name "statistics.ff" -value "1" -objects $obj
# set_property -name "statistics.gt" -value "1" -objects $obj
# set_property -name "statistics.io" -value "1" -objects $obj
# set_property -name "statistics.lut" -value "1" -objects $obj
# set_property -name "statistics.lutram" -value "1" -objects $obj
# set_property -name "statistics.mmcm" -value "1" -objects $obj
# set_property -name "statistics.pcie" -value "1" -objects $obj
# set_property -name "statistics.pll" -value "1" -objects $obj
# set_property -name "statistics.uram" -value "1" -objects $obj
# set_property -name "view.orientation" -value "Horizontal" -objects $obj
# set_property -name "view.type" -value "Graph" -objects $obj
# if {[string equal [get_dashboard_gadgets  [ list "utilization_2" ] ] ""]} {
# create_dashboard_gadget -name {utilization_2} -type utilization
# }
# set obj [get_dashboard_gadgets [ list "utilization_2" ] ]
# set_property -name "active_reports" -value "" -objects $obj
# set_property -name "active_reports_invalid" -value "" -objects $obj
# set_property -name "active_run" -value "0" -objects $obj
# set_property -name "hide_unused_data" -value "1" -objects $obj
# set_property -name "incl_new_reports" -value "0" -objects $obj
# set_property -name "reports" -value "impl_1#impl_1_place_report_utilization_0" -objects $obj
# set_property -name "run.step" -value "place_design" -objects $obj
# set_property -name "run.type" -value "implementation" -objects $obj
# set_property -name "statistics.bram" -value "1" -objects $obj
# set_property -name "statistics.bufg" -value "1" -objects $obj
# set_property -name "statistics.dsp" -value "1" -objects $obj
# set_property -name "statistics.ff" -value "1" -objects $obj
# set_property -name "statistics.gt" -value "1" -objects $obj
# set_property -name "statistics.io" -value "1" -objects $obj
# set_property -name "statistics.lut" -value "1" -objects $obj
# set_property -name "statistics.lutram" -value "1" -objects $obj
# set_property -name "statistics.mmcm" -value "1" -objects $obj
# set_property -name "statistics.pcie" -value "1" -objects $obj
# set_property -name "statistics.pll" -value "1" -objects $obj
# set_property -name "statistics.uram" -value "1" -objects $obj
# set_property -name "view.orientation" -value "Horizontal" -objects $obj
# set_property -name "view.type" -value "Graph" -objects $obj
# move_dashboard_gadget -name {utilization_1} -row 0 -col 0
# move_dashboard_gadget -name {power_1} -row 1 -col 0
# move_dashboard_gadget -name {drc_1} -row 2 -col 0
# move_dashboard_gadget -name {timing_1} -row 0 -col 1
# move_dashboard_gadget -name {utilization_2} -row 1 -col 1
# move_dashboard_gadget -name {methodology_1} -row 2 -col 1
update_compile_order -fileset sources_1
current_project run_led
close_project
exit
INFO: [Common 17-206] Exiting Vivado at Mon Oct  2 14:42:31 2023...
