Vivado Simulator v2021.1
Copyright 1986-1999, 2001-2021 Xilinx, Inc. All Rights Reserved.
Running: C:/Xilinx2021/Vivado/2021.1/bin/unwrapped/win64.o/xelab.exe -wto 5adb541721f84d559aab3cf559e52506 --incr --debug typical --relax --mt 2 --maxdelay -L xil_defaultlib -L simprims_ver -L secureip --snapshot mux2_tb_time_impl -transport_int_delays -pulse_r 0 -pulse_int_r 0 -pulse_e 0 -pulse_int_e 0 xil_defaultlib.mux2_tb xil_defaultlib.glbl -log elaborate.log 
Using 2 slave threads.
WARNING: [XSIM 43-3431] One or more environment variables have been detected which affect the operation of the C compiler. These are typically not set in standard installations and are not tested by Xilinx, however they may be appropriate for your system, so the flow will attempt to continue.  If errors occur, try running xelab with the "-mt off -v 1" switches to see more information from the C compiler. The following environment variables have been detected:
Starting static elaboration
Pass Through NonSizing Optimizer
Completed static elaboration
Starting simulation data flow analysis
Completed simulation data flow analysis
INFO: [XSIM 43-3451] SDF backannotation process started with SDF file "mux2_tb_time_impl.sdf", for root module "mux2_tb/mux2_gy".
INFO: [XSIM 43-3452] SDF backannotation was successful for SDF file "mux2_tb_time_impl.sdf", for root module "mux2_tb/mux2_gy".
Time Resolution for simulation is 1ps
Compiling module simprims_ver.IBUF
Compiling module simprims_ver.OBUF
Compiling module simprims_ver.x_lut3_mux8
Compiling module simprims_ver.LUT3(INIT=8'b10101100)
Compiling module xil_defaultlib.mux2
Compiling module xil_defaultlib.mux2_tb
Compiling module xil_defaultlib.glbl
Built simulation snapshot mux2_tb_time_impl
